#
# There is insufficient memory for the Java Runtime Environment to continue.
# Native memory allocation (malloc) failed to allocate 90736 bytes for Chunk::new
# Possible reasons:
#   The system is out of physical RAM or swap space
#   The process is running with CompressedOops enabled, and the Java Heap may be blocking the growth of the native heap
# Possible solutions:
#   Reduce memory load on the system
#   Increase physical memory or swap space
#   Check if swap backing store is full
#   Decrease Java heap size (-Xmx/-Xms)
#   Decrease number of Java threads
#   Decrease Java thread stack sizes (-Xss)
#   Set larger code cache with -XX:ReservedCodeCacheSize=
#   JVM is running with Unscaled Compressed Oops mode in which the Java heap is
#     placed in the first 4GB address space. The Java Heap base address is the
#     maximum limit for the native heap growth. Please use -XX:HeapBaseMinAddress
#     to set the Java Heap base and to place the Java Heap above 4GB virtual address.
# This output file may be truncated or incomplete.
#
#  Out of Memory Error (./src/hotspot/share/memory/arena.cpp:197), pid=19172, tid=21584
#
# JRE version: OpenJDK Runtime Environment (11.0.11+9) (build 11.0.11+9-b60-7590822)
# Java VM: OpenJDK 64-Bit Server VM (11.0.11+9-b60-7590822, mixed mode, tiered, compressed oops, g1 gc, windows-amd64)
# No core dump will be written. Minidumps are not enabled by default on client versions of Windows
#

---------------  S U M M A R Y ------------

Command Line: --add-opens=java.base/java.util=ALL-UNNAMED --add-opens=java.base/java.lang=ALL-UNNAMED --add-opens=java.base/java.lang.invoke=ALL-UNNAMED --add-opens=java.base/java.util=ALL-UNNAMED --add-opens=java.prefs/java.util.prefs=ALL-UNNAMED --add-opens=java.prefs/java.util.prefs=ALL-UNNAMED --add-opens=java.base/java.nio.charset=ALL-UNNAMED --add-opens=java.base/java.net=ALL-UNNAMED --add-opens=java.base/java.util.concurrent.atomic=ALL-UNNAMED -Xmx2048m -Dfile.encoding=UTF-8 -Duser.country=ES -Duser.language=es -Duser.variant org.gradle.launcher.daemon.bootstrap.GradleDaemon 7.2

Host: Intel(R) Core(TM) i7-6500U CPU @ 2.50GHz, 4 cores, 19G,  Windows 10 , 64 bit Build 22000 (10.0.22000.434)
Time: Thu Feb 24 19:51:31 2022 Hora estándar romance elapsed time: 87.150263 seconds (0d 0h 1m 27s)

---------------  T H R E A D  ---------------

Current thread (0x00000245b185b000):  JavaThread "C2 CompilerThread0" daemon [_thread_in_native, id=21584, stack(0x000000d842000000,0x000000d842100000)]


Current CompileTask:
C2:  87150 18330       4       java.io.ObjectOutputStream$HandleTable::assign (52 bytes)

Stack: [0x000000d842000000,0x000000d842100000]
Native frames: (J=compiled Java code, j=interpreted, Vv=VM code, C=native code)
V  [jvm.dll+0x5f214a]
V  [jvm.dll+0x726fb5]
V  [jvm.dll+0x7285cd]
V  [jvm.dll+0x728c83]
V  [jvm.dll+0x243278]
V  [jvm.dll+0xbc53c]
V  [jvm.dll+0xbca3c]
V  [jvm.dll+0x353e3b]
V  [jvm.dll+0x1985c7]
V  [jvm.dll+0x1fc2ee]
V  [jvm.dll+0x1fb3d4]
V  [jvm.dll+0x183d6c]
V  [jvm.dll+0x209a57]
V  [jvm.dll+0x2082a1]
V  [jvm.dll+0x6ef58f]
V  [jvm.dll+0x6e80b5]
V  [jvm.dll+0x5f1036]
C  [ucrtbase.dll+0x26c0c]
C  [KERNEL32.DLL+0x154e0]
C  [ntdll.dll+0x485b]


---------------  P R O C E S S  ---------------

Threads class SMR info:
_java_thread_list=0x00000245bc63cda0, length=84, elements={
0x00000245952ac800, 0x00000245b0f85800, 0x00000245b0f8b800, 0x00000245b0f81800,
0x00000245b1857800, 0x00000245b185a000, 0x00000245b185b000, 0x00000245b185f800,
0x00000245b18c7000, 0x00000245b19b0800, 0x00000245b30c3800, 0x00000245b26be800,
0x00000245b28f7800, 0x00000245b28f9000, 0x00000245b2a10800, 0x00000245b27bf000,
0x00000245b27c0800, 0x00000245b27c4800, 0x00000245b27bf800, 0x00000245b27c3000,
0x00000245b5866800, 0x00000245b5863800, 0x00000245b5868000, 0x00000245b5862800,
0x00000245b586f000, 0x00000245b6238800, 0x00000245b6239800, 0x00000245b44a1000,
0x00000245b44a6000, 0x00000245b8e75800, 0x00000245b8e72000, 0x00000245b8e79000,
0x00000245b622f000, 0x00000245b6233000, 0x00000245b6230800, 0x00000245b622f800,
0x00000245b6231800, 0x00000245b6234000, 0x00000245b622e000, 0x00000245b6236000,
0x00000245b623a800, 0x00000245b6234800, 0x00000245b623b000, 0x00000245b6235800,
0x00000245b623c000, 0x00000245b8e73000, 0x00000245b8e79800, 0x00000245b8e74800,
0x00000245b8e76800, 0x00000245b8e77000, 0x00000245b8e74000, 0x00000245b8e7e800,
0x00000245b8e7f800, 0x00000245b8e7d800, 0x00000245b8e80000, 0x00000245b8e7a800,
0x00000245b8e7c000, 0x00000245b8e7b000, 0x00000245b8e81000, 0x00000245b8e7d000,
0x00000245b44a1800, 0x00000245b44a2800, 0x00000245b44a3800, 0x00000245b44a4000,
0x00000245b44a5000, 0x00000245b44a0000, 0x00000245b44a6800, 0x00000245b44ad000,
0x00000245b44aa000, 0x00000245b44ac800, 0x00000245b44ab800, 0x00000245b44a8800,
0x00000245b44a7800, 0x00000245b44aa800, 0x00000245b5861800, 0x00000245b5869000,
0x00000245b586a800, 0x00000245b586b800, 0x00000245b5866000, 0x00000245b586c800,
0x00000245b5870800, 0x00000245b27c5800, 0x00000245b8b9e000, 0x00000245b8ba0800
}

Java Threads: ( => current thread )
  0x00000245952ac800 JavaThread "main" [_thread_blocked, id=2424, stack(0x000000d841400000,0x000000d841500000)]
  0x00000245b0f85800 JavaThread "Reference Handler" daemon [_thread_blocked, id=18688, stack(0x000000d841b00000,0x000000d841c00000)]
  0x00000245b0f8b800 JavaThread "Finalizer" daemon [_thread_blocked, id=6428, stack(0x000000d841c00000,0x000000d841d00000)]
  0x00000245b0f81800 JavaThread "Signal Dispatcher" daemon [_thread_blocked, id=9172, stack(0x000000d841d00000,0x000000d841e00000)]
  0x00000245b1857800 JavaThread "Attach Listener" daemon [_thread_blocked, id=5852, stack(0x000000d841e00000,0x000000d841f00000)]
  0x00000245b185a000 JavaThread "Service Thread" daemon [_thread_blocked, id=484, stack(0x000000d841f00000,0x000000d842000000)]
=>0x00000245b185b000 JavaThread "C2 CompilerThread0" daemon [_thread_in_native, id=21584, stack(0x000000d842000000,0x000000d842100000)]
  0x00000245b185f800 JavaThread "C1 CompilerThread0" daemon [_thread_blocked, id=6440, stack(0x000000d842100000,0x000000d842200000)]
  0x00000245b18c7000 JavaThread "Sweeper thread" daemon [_thread_blocked, id=23192, stack(0x000000d842200000,0x000000d842300000)]
  0x00000245b19b0800 JavaThread "Common-Cleaner" daemon [_thread_blocked, id=6840, stack(0x000000d842300000,0x000000d842400000)]
  0x00000245b30c3800 JavaThread "Daemon health stats" [_thread_blocked, id=19324, stack(0x000000d842900000,0x000000d842a00000)]
  0x00000245b26be800 JavaThread "Incoming local TCP Connector on port 57771" [_thread_in_native, id=11432, stack(0x000000d842500000,0x000000d842600000)]
  0x00000245b28f7800 JavaThread "Daemon periodic checks" [_thread_blocked, id=2976, stack(0x000000d842a00000,0x000000d842b00000)]
  0x00000245b28f9000 JavaThread "Daemon" [_thread_blocked, id=6516, stack(0x000000d842b00000,0x000000d842c00000)]
  0x00000245b2a10800 JavaThread "Daemon worker" [_thread_in_native, id=19440, stack(0x000000d842e00000,0x000000d842f00000)]
  0x00000245b27bf000 JavaThread "Cache worker for journal cache (C:\Users\kurur\.gradle\caches\journal-1)" [_thread_blocked, id=15152, stack(0x000000d843200000,0x000000d843300000)]
  0x00000245b27c0800 JavaThread "File lock request listener" [_thread_in_native, id=13144, stack(0x000000d843300000,0x000000d843400000)]
  0x00000245b27c4800 JavaThread "Cache worker for file hash cache (C:\Users\kurur\.gradle\caches\7.2\fileHashes)" [_thread_blocked, id=1004, stack(0x000000d843400000,0x000000d843500000)]
  0x00000245b27bf800 JavaThread "File watcher server" daemon [_thread_in_native, id=17688, stack(0x000000d843700000,0x000000d843800000)]
  0x00000245b27c3000 JavaThread "File watcher consumer" daemon [_thread_blocked, id=20352, stack(0x000000d843800000,0x000000d843900000)]
  0x00000245b5866800 JavaThread "Cache worker for execution history cache (C:\Users\kurur\.gradle\caches\7.2\executionHistory)" [_thread_blocked, id=3576, stack(0x000000d843c00000,0x000000d843d00000)]
  0x00000245b5863800 JavaThread "jar transforms" [_thread_blocked, id=14408, stack(0x000000d843d00000,0x000000d843e00000)]
  0x00000245b5868000 JavaThread "jar transforms Thread 2" [_thread_blocked, id=18936, stack(0x000000d843e00000,0x000000d843f00000)]
  0x00000245b5862800 JavaThread "Cache worker for file content cache (C:\Users\kurur\.gradle\caches\7.2\fileContent)" [_thread_blocked, id=2536, stack(0x000000d843f00000,0x000000d844000000)]
  0x00000245b586f000 JavaThread "jar transforms Thread 3" [_thread_blocked, id=8228, stack(0x000000d844100000,0x000000d844200000)]
  0x00000245b6238800 JavaThread "jar transforms Thread 4" [_thread_blocked, id=20696, stack(0x000000d846a00000,0x000000d846b00000)]
  0x00000245b6239800 JavaThread "Memory manager" [_thread_blocked, id=6484, stack(0x000000d846c00000,0x000000d846d00000)]
  0x00000245b44a1000 JavaThread "pool-3-thread-1" [_thread_blocked, id=7508, stack(0x000000d846b00000,0x000000d846c00000)]
  0x00000245b44a6000 JavaThread "Cache worker for Java compile cache (C:\Users\kurur\.gradle\caches\7.2\javaCompile)" [_thread_blocked, id=23336, stack(0x000000d847600000,0x000000d847700000)]
  0x00000245b8e75800 JavaThread "ForkJoinPool.commonPool-worker-3" daemon [_thread_blocked, id=1224, stack(0x000000d843000000,0x000000d843100000)]
  0x00000245b8e72000 JavaThread "ForkJoinPool.commonPool-worker-5" daemon [_thread_blocked, id=10760, stack(0x000000d847500000,0x000000d847600000)]
  0x00000245b8e79000 JavaThread "ForkJoinPool.commonPool-worker-7" daemon [_thread_blocked, id=5872, stack(0x000000d847d00000,0x000000d847e00000)]
  0x00000245b622f000 JavaThread "Handler for socket connection from /127.0.0.1:57771 to /127.0.0.1:57827" [_thread_in_native, id=1372, stack(0x000000d841200000,0x000000d841300000)]
  0x00000245b6233000 JavaThread "Cancel handler" [_thread_blocked, id=17916, stack(0x000000d841300000,0x000000d841400000)]
  0x00000245b6230800 JavaThread "Asynchronous log dispatcher for DefaultDaemonConnection: socket connection from /127.0.0.1:57771 to /127.0.0.1:57827" [_thread_blocked, id=20144, stack(0x000000d842c00000,0x000000d842d00000)]
  0x00000245b622f800 JavaThread "Stdin handler" [_thread_blocked, id=20408, stack(0x000000d842d00000,0x000000d842e00000)]
  0x00000245b6231800 JavaThread "Daemon client event forwarder" [_thread_blocked, id=2700, stack(0x000000d842f00000,0x000000d843000000)]
  0x00000245b6234000 JavaThread "Cache worker for file hash cache (C:\Users\kurur\AndroidStudioProjects\Practica52021\.gradle\7.2\fileHashes)" [_thread_blocked, id=5892, stack(0x000000d843500000,0x000000d843600000)]
  0x00000245b622e000 JavaThread "Cache worker for checksums cache (C:\Users\kurur\AndroidStudioProjects\Practica52021\.gradle\checksums)" [_thread_blocked, id=17580, stack(0x000000d843600000,0x000000d843700000)]
  0x00000245b6236000 Thread [stack: 0x000000d843a00000,0x000000d843b00000] [id=18620]
  0x00000245b623a800 JavaThread "Cache worker for dependencies-accessors (C:\Users\kurur\AndroidStudioProjects\Practica52021\.gradle\7.2\dependencies-accessors)" [_thread_blocked, id=10432, stack(0x000000d843b00000,0x000000d843c00000)]
  0x00000245b6234800 JavaThread "Unconstrained build operations" [_thread_blocked, id=17124, stack(0x000000d844200000,0x000000d844300000)]
  0x00000245b623b000 JavaThread "Unconstrained build operations Thread 2" [_thread_blocked, id=21232, stack(0x000000d844300000,0x000000d844400000)]
  0x00000245b6235800 JavaThread "Unconstrained build operations Thread 3" [_thread_blocked, id=19072, stack(0x000000d844400000,0x000000d844500000)]
  0x00000245b623c000 JavaThread "Unconstrained build operations Thread 4" [_thread_blocked, id=21016, stack(0x000000d844500000,0x000000d844600000)]
  0x00000245b8e73000 JavaThread "Unconstrained build operations Thread 5" [_thread_blocked, id=16732, stack(0x000000d844600000,0x000000d844700000)]
  0x00000245b8e79800 JavaThread "Unconstrained build operations Thread 6" [_thread_blocked, id=4508, stack(0x000000d844700000,0x000000d844800000)]
  0x00000245b8e74800 JavaThread "Unconstrained build operations Thread 7" [_thread_blocked, id=3032, stack(0x000000d844800000,0x000000d844900000)]
  0x00000245b8e76800 JavaThread "Unconstrained build operations Thread 8" [_thread_blocked, id=16156, stack(0x000000d844900000,0x000000d844a00000)]
  0x00000245b8e77000 JavaThread "Unconstrained build operations Thread 9" [_thread_blocked, id=15608, stack(0x000000d844a00000,0x000000d844b00000)]
  0x00000245b8e74000 JavaThread "Unconstrained build operations Thread 10" [_thread_blocked, id=19888, stack(0x000000d844b00000,0x000000d844c00000)]
  0x00000245b8e7e800 JavaThread "Unconstrained build operations Thread 11" [_thread_blocked, id=7828, stack(0x000000d844c00000,0x000000d844d00000)]
  0x00000245b8e7f800 JavaThread "Unconstrained build operations Thread 12" [_thread_blocked, id=21688, stack(0x000000d844d00000,0x000000d844e00000)]
  0x00000245b8e7d800 JavaThread "Unconstrained build operations Thread 13" [_thread_blocked, id=18344, stack(0x000000d844e00000,0x000000d844f00000)]
  0x00000245b8e80000 JavaThread "Unconstrained build operations Thread 14" [_thread_blocked, id=8924, stack(0x000000d844f00000,0x000000d845000000)]
  0x00000245b8e7a800 JavaThread "Unconstrained build operations Thread 15" [_thread_blocked, id=8096, stack(0x000000d845000000,0x000000d845100000)]
  0x00000245b8e7c000 JavaThread "Unconstrained build operations Thread 16" [_thread_blocked, id=3820, stack(0x000000d845100000,0x000000d845200000)]
  0x00000245b8e7b000 JavaThread "Unconstrained build operations Thread 17" [_thread_blocked, id=2552, stack(0x000000d845200000,0x000000d845300000)]
  0x00000245b8e81000 JavaThread "Unconstrained build operations Thread 18" [_thread_blocked, id=20072, stack(0x000000d845300000,0x000000d845400000)]
  0x00000245b8e7d000 JavaThread "Unconstrained build operations Thread 19" [_thread_blocked, id=15220, stack(0x000000d845400000,0x000000d845500000)]
  0x00000245b44a1800 JavaThread "Unconstrained build operations Thread 20" [_thread_blocked, id=5188, stack(0x000000d845500000,0x000000d845600000)]
  0x00000245b44a2800 JavaThread "Unconstrained build operations Thread 21" [_thread_blocked, id=14524, stack(0x000000d845600000,0x000000d845700000)]
  0x00000245b44a3800 JavaThread "Unconstrained build operations Thread 22" [_thread_blocked, id=17204, stack(0x000000d845700000,0x000000d845800000)]
  0x00000245b44a4000 JavaThread "Unconstrained build operations Thread 23" [_thread_blocked, id=8904, stack(0x000000d845800000,0x000000d845900000)]
  0x00000245b44a5000 JavaThread "Unconstrained build operations Thread 24" [_thread_blocked, id=11376, stack(0x000000d845900000,0x000000d845a00000)]
  0x00000245b44a0000 JavaThread "Unconstrained build operations Thread 25" [_thread_blocked, id=21736, stack(0x000000d845a00000,0x000000d845b00000)]
  0x00000245b44a6800 JavaThread "Unconstrained build operations Thread 26" [_thread_blocked, id=17584, stack(0x000000d845b00000,0x000000d845c00000)]
  0x00000245b44ad000 JavaThread "Unconstrained build operations Thread 27" [_thread_blocked, id=20024, stack(0x000000d845c00000,0x000000d845d00000)]
  0x00000245b44aa000 JavaThread "Unconstrained build operations Thread 28" [_thread_blocked, id=19292, stack(0x000000d845d00000,0x000000d845e00000)]
  0x00000245b44ac800 JavaThread "Unconstrained build operations Thread 29" [_thread_blocked, id=4480, stack(0x000000d845e00000,0x000000d845f00000)]
  0x00000245b44ab800 JavaThread "Unconstrained build operations Thread 30" [_thread_blocked, id=18376, stack(0x000000d845f00000,0x000000d846000000)]
  0x00000245b44a8800 JavaThread "Unconstrained build operations Thread 31" [_thread_blocked, id=10916, stack(0x000000d846000000,0x000000d846100000)]
  0x00000245b44a7800 JavaThread "Unconstrained build operations Thread 32" [_thread_blocked, id=6280, stack(0x000000d846100000,0x000000d846200000)]
  0x00000245b44aa800 JavaThread "Unconstrained build operations Thread 33" [_thread_blocked, id=21324, stack(0x000000d846200000,0x000000d846300000)]
  0x00000245b5861800 JavaThread "Unconstrained build operations Thread 34" [_thread_blocked, id=8128, stack(0x000000d846300000,0x000000d846400000)]
  0x00000245b5869000 JavaThread "Unconstrained build operations Thread 35" [_thread_blocked, id=21804, stack(0x000000d846400000,0x000000d846500000)]
  0x00000245b586a800 JavaThread "Unconstrained build operations Thread 36" [_thread_blocked, id=15416, stack(0x000000d846500000,0x000000d846600000)]
  0x00000245b586b800 JavaThread "Unconstrained build operations Thread 37" [_thread_blocked, id=19224, stack(0x000000d846600000,0x000000d846700000)]
  0x00000245b5866000 JavaThread "Unconstrained build operations Thread 38" [_thread_blocked, id=15012, stack(0x000000d846700000,0x000000d846800000)]
  0x00000245b586c800 JavaThread "Unconstrained build operations Thread 39" [_thread_blocked, id=7260, stack(0x000000d846800000,0x000000d846900000)]
  0x00000245b5870800 JavaThread "Unconstrained build operations Thread 40" [_thread_blocked, id=18512, stack(0x000000d846900000,0x000000d846a00000)]
  0x00000245b27c5800 JavaThread "pool-7-thread-1" [_thread_blocked, id=20176, stack(0x000000d847000000,0x000000d847100000)]
  0x00000245b8b9e000 JavaThread "WorkerExecutor Queue" [_thread_blocked, id=20224, stack(0x000000d847800000,0x000000d847900000)]
  0x00000245b8ba0800 JavaThread "C2 CompilerThread1" daemon [_thread_blocked, id=14264, stack(0x000000d843100000,0x000000d843200000)]

Other Threads:
  0x00000245b0f6f800 VMThread "VM Thread" [stack: 0x000000d841a00000,0x000000d841b00000] [id=19684]
  0x00000245b19c9000 WatcherThread [stack: 0x000000d842400000,0x000000d842500000] [id=12664]
  0x0000024597386800 GCTaskThread "GC Thread#0" [stack: 0x000000d841500000,0x000000d841600000] [id=11228]
  0x00000245b1f0f800 GCTaskThread "GC Thread#1" [stack: 0x000000d842600000,0x000000d842700000] [id=22504]
  0x00000245b22cc000 GCTaskThread "GC Thread#2" [stack: 0x000000d842700000,0x000000d842800000] [id=13976]
  0x00000245b2460000 GCTaskThread "GC Thread#3" [stack: 0x000000d842800000,0x000000d842900000] [id=15984]
  0x00000245973b7000 ConcurrentGCThread "G1 Main Marker" [stack: 0x000000d841600000,0x000000d841700000] [id=3356]
  0x00000245973b8000 ConcurrentGCThread "G1 Conc#0" [stack: 0x000000d841700000,0x000000d841800000] [id=15184]
  0x00000245b0e3c800 ConcurrentGCThread "G1 Refine#0" [stack: 0x000000d841800000,0x000000d841900000] [id=21432]
  0x00000245b0e3d800 ConcurrentGCThread "G1 Young RemSet Sampling" [stack: 0x000000d841900000,0x000000d841a00000] [id=17644]

Threads with active compile tasks:
C2 CompilerThread0  87209 18330       4       java.io.ObjectOutputStream$HandleTable::assign (52 bytes)
C1 CompilerThread0  87209 18361       3       java.lang.invoke.VarHandleObjects$FieldInstanceReadWrite::setRelease (30 bytes)

VM state:not at safepoint (normal execution)

VM Mutex/Monitor currently owned by a thread: None

Heap address: 0x0000000080000000, size: 2048 MB, Compressed Oops mode: 32-bit
Narrow klass base: 0x0000000000000000, Narrow klass shift: 3
Compressed class space size: 1073741824 Address: 0x0000000100000000

Heap:
 garbage-first heap   total 327680K, used 169270K [0x0000000080000000, 0x0000000100000000)
  region size 1024K, 57 young (58368K), 7 survivors (7168K)
 Metaspace       used 127451K, capacity 130998K, committed 131368K, reserved 1163264K
  class space    used 16082K, capacity 17424K, committed 17548K, reserved 1048576K
Heap Regions: E=young(eden), S=young(survivor), O=old, HS=humongous(starts), HC=humongous(continues), CS=collection set, F=free, A=archive, TAMS=top-at-mark-start (previous, next)
|   0|0x0000000080000000, 0x0000000080100000, 0x0000000080100000|100%| O|  |TAMS 0x0000000080100000, 0x0000000080000000| Untracked 
|   1|0x0000000080100000, 0x0000000080200000, 0x0000000080200000|100%| O|  |TAMS 0x0000000080200000, 0x0000000080100000| Untracked 
|   2|0x0000000080200000, 0x0000000080300000, 0x0000000080300000|100%| O|  |TAMS 0x0000000080300000, 0x0000000080200000| Untracked 
|   3|0x0000000080300000, 0x0000000080400000, 0x0000000080400000|100%|HS|  |TAMS 0x0000000080400000, 0x0000000080300000| Complete 
|   4|0x0000000080400000, 0x0000000080500000, 0x0000000080500000|100%|HC|  |TAMS 0x0000000080500000, 0x0000000080400000| Complete 
|   5|0x0000000080500000, 0x0000000080600000, 0x0000000080600000|100%|HC|  |TAMS 0x0000000080600000, 0x0000000080500000| Complete 
|   6|0x0000000080600000, 0x0000000080700000, 0x0000000080700000|100%| O|  |TAMS 0x0000000080700000, 0x0000000080600000| Untracked 
|   7|0x0000000080700000, 0x0000000080800000, 0x0000000080800000|100%| O|  |TAMS 0x0000000080800000, 0x0000000080700000| Untracked 
|   8|0x0000000080800000, 0x0000000080900000, 0x0000000080900000|100%| O|  |TAMS 0x0000000080900000, 0x0000000080800000| Untracked 
|   9|0x0000000080900000, 0x0000000080a00000, 0x0000000080a00000|100%| O|  |TAMS 0x0000000080a00000, 0x0000000080900000| Untracked 
|  10|0x0000000080a00000, 0x0000000080b00000, 0x0000000080b00000|100%| O|  |TAMS 0x0000000080b00000, 0x0000000080a00000| Untracked 
|  11|0x0000000080b00000, 0x0000000080c00000, 0x0000000080c00000|100%| O|  |TAMS 0x0000000080c00000, 0x0000000080b00000| Untracked 
|  12|0x0000000080c00000, 0x0000000080d00000, 0x0000000080d00000|100%| O|  |TAMS 0x0000000080d00000, 0x0000000080c00000| Untracked 
|  13|0x0000000080d00000, 0x0000000080e00000, 0x0000000080e00000|100%|HS|  |TAMS 0x0000000080e00000, 0x0000000080d00000| Complete 
|  14|0x0000000080e00000, 0x0000000080f00000, 0x0000000080f00000|100%|HS|  |TAMS 0x0000000080f00000, 0x0000000080e00000| Complete 
|  15|0x0000000080f00000, 0x0000000081000000, 0x0000000081000000|100%|HS|  |TAMS 0x0000000081000000, 0x0000000080f00000| Complete 
|  16|0x0000000081000000, 0x0000000081100000, 0x0000000081100000|100%| O|  |TAMS 0x0000000081100000, 0x0000000081000000| Untracked 
|  17|0x0000000081100000, 0x0000000081200000, 0x0000000081200000|100%| O|  |TAMS 0x0000000081200000, 0x0000000081100000| Untracked 
|  18|0x0000000081200000, 0x0000000081300000, 0x0000000081300000|100%| O|  |TAMS 0x0000000081300000, 0x0000000081200000| Untracked 
|  19|0x0000000081300000, 0x0000000081400000, 0x0000000081400000|100%| O|  |TAMS 0x0000000081400000, 0x0000000081300000| Untracked 
|  20|0x0000000081400000, 0x0000000081500000, 0x0000000081500000|100%|HS|  |TAMS 0x0000000081500000, 0x0000000081400000| Complete 
|  21|0x0000000081500000, 0x0000000081600000, 0x0000000081600000|100%|HC|  |TAMS 0x0000000081600000, 0x0000000081500000| Complete 
|  22|0x0000000081600000, 0x0000000081700000, 0x0000000081700000|100%| O|  |TAMS 0x0000000081700000, 0x0000000081600000| Untracked 
|  23|0x0000000081700000, 0x0000000081800000, 0x0000000081800000|100%| O|  |TAMS 0x0000000081800000, 0x0000000081700000| Untracked 
|  24|0x0000000081800000, 0x0000000081900000, 0x0000000081900000|100%| O|  |TAMS 0x0000000081900000, 0x0000000081800000| Untracked 
|  25|0x0000000081900000, 0x0000000081a00000, 0x0000000081a00000|100%| O|  |TAMS 0x0000000081a00000, 0x0000000081900000| Untracked 
|  26|0x0000000081a00000, 0x0000000081b00000, 0x0000000081b00000|100%| O|  |TAMS 0x0000000081b00000, 0x0000000081a00000| Untracked 
|  27|0x0000000081b00000, 0x0000000081c00000, 0x0000000081c00000|100%| O|  |TAMS 0x0000000081c00000, 0x0000000081b00000| Untracked 
|  28|0x0000000081c00000, 0x0000000081d00000, 0x0000000081d00000|100%| O|  |TAMS 0x0000000081d00000, 0x0000000081c00000| Untracked 
|  29|0x0000000081d00000, 0x0000000081e00000, 0x0000000081e00000|100%| O|  |TAMS 0x0000000081e00000, 0x0000000081d00000| Untracked 
|  30|0x0000000081e00000, 0x0000000081f00000, 0x0000000081f00000|100%| O|  |TAMS 0x0000000081f00000, 0x0000000081e00000| Untracked 
|  31|0x0000000081f00000, 0x0000000082000000, 0x0000000082000000|100%| O|  |TAMS 0x0000000082000000, 0x0000000081f00000| Untracked 
|  32|0x0000000082000000, 0x0000000082100000, 0x0000000082100000|100%| O|  |TAMS 0x0000000082100000, 0x0000000082000000| Untracked 
|  33|0x0000000082100000, 0x0000000082200000, 0x0000000082200000|100%| O|  |TAMS 0x0000000082200000, 0x0000000082100000| Untracked 
|  34|0x0000000082200000, 0x0000000082300000, 0x0000000082300000|100%| O|  |TAMS 0x0000000082300000, 0x0000000082200000| Untracked 
|  35|0x0000000082300000, 0x0000000082400000, 0x0000000082400000|100%| O|  |TAMS 0x0000000082400000, 0x0000000082300000| Untracked 
|  36|0x0000000082400000, 0x0000000082500000, 0x0000000082500000|100%| O|  |TAMS 0x0000000082500000, 0x0000000082400000| Untracked 
|  37|0x0000000082500000, 0x0000000082600000, 0x0000000082600000|100%| O|  |TAMS 0x0000000082600000, 0x0000000082500000| Untracked 
|  38|0x0000000082600000, 0x0000000082700000, 0x0000000082700000|100%| O|  |TAMS 0x0000000082700000, 0x0000000082600000| Untracked 
|  39|0x0000000082700000, 0x0000000082800000, 0x0000000082800000|100%| O|  |TAMS 0x0000000082800000, 0x0000000082700000| Untracked 
|  40|0x0000000082800000, 0x0000000082900000, 0x0000000082900000|100%| O|  |TAMS 0x0000000082900000, 0x0000000082800000| Untracked 
|  41|0x0000000082900000, 0x0000000082a00000, 0x0000000082a00000|100%| O|  |TAMS 0x0000000082a00000, 0x0000000082900000| Untracked 
|  42|0x0000000082a00000, 0x0000000082b00000, 0x0000000082b00000|100%| O|  |TAMS 0x0000000082b00000, 0x0000000082a00000| Untracked 
|  43|0x0000000082b00000, 0x0000000082c00000, 0x0000000082c00000|100%| O|  |TAMS 0x0000000082c00000, 0x0000000082b00000| Untracked 
|  44|0x0000000082c00000, 0x0000000082d00000, 0x0000000082d00000|100%| O|  |TAMS 0x0000000082d00000, 0x0000000082c00000| Untracked 
|  45|0x0000000082d00000, 0x0000000082e00000, 0x0000000082e00000|100%| O|  |TAMS 0x0000000082e00000, 0x0000000082d00000| Untracked 
|  46|0x0000000082e00000, 0x0000000082f00000, 0x0000000082f00000|100%| O|  |TAMS 0x0000000082f00000, 0x0000000082e00000| Untracked 
|  47|0x0000000082f00000, 0x0000000083000000, 0x0000000083000000|100%| O|  |TAMS 0x0000000083000000, 0x0000000082f00000| Untracked 
|  48|0x0000000083000000, 0x0000000083100000, 0x0000000083100000|100%| O|  |TAMS 0x0000000083100000, 0x0000000083000000| Untracked 
|  49|0x0000000083100000, 0x0000000083200000, 0x0000000083200000|100%| O|  |TAMS 0x0000000083200000, 0x0000000083100000| Untracked 
|  50|0x0000000083200000, 0x0000000083300000, 0x0000000083300000|100%| O|  |TAMS 0x0000000083300000, 0x0000000083200000| Untracked 
|  51|0x0000000083300000, 0x0000000083400000, 0x0000000083400000|100%| O|  |TAMS 0x0000000083400000, 0x0000000083300000| Untracked 
|  52|0x0000000083400000, 0x0000000083500000, 0x0000000083500000|100%| O|  |TAMS 0x0000000083500000, 0x0000000083400000| Untracked 
|  53|0x0000000083500000, 0x0000000083600000, 0x0000000083600000|100%| O|  |TAMS 0x0000000083600000, 0x0000000083500000| Untracked 
|  54|0x0000000083600000, 0x0000000083700000, 0x0000000083700000|100%| O|  |TAMS 0x0000000083700000, 0x0000000083600000| Untracked 
|  55|0x0000000083700000, 0x0000000083800000, 0x0000000083800000|100%| O|  |TAMS 0x0000000083800000, 0x0000000083700000| Untracked 
|  56|0x0000000083800000, 0x0000000083900000, 0x0000000083900000|100%| O|  |TAMS 0x0000000083900000, 0x0000000083800000| Untracked 
|  57|0x0000000083900000, 0x0000000083a00000, 0x0000000083a00000|100%|HS|  |TAMS 0x0000000083a00000, 0x0000000083900000| Complete 
|  58|0x0000000083a00000, 0x0000000083b00000, 0x0000000083b00000|100%|HC|  |TAMS 0x0000000083b00000, 0x0000000083a00000| Complete 
|  59|0x0000000083b00000, 0x0000000083c00000, 0x0000000083c00000|100%| O|  |TAMS 0x0000000083c00000, 0x0000000083b00000| Untracked 
|  60|0x0000000083c00000, 0x0000000083d00000, 0x0000000083d00000|100%| O|  |TAMS 0x0000000083d00000, 0x0000000083c00000| Untracked 
|  61|0x0000000083d00000, 0x0000000083e00000, 0x0000000083e00000|100%| O|  |TAMS 0x0000000083e00000, 0x0000000083d00000| Untracked 
|  62|0x0000000083e00000, 0x0000000083f00000, 0x0000000083f00000|100%| O|  |TAMS 0x0000000083f00000, 0x0000000083e00000| Untracked 
|  63|0x0000000083f00000, 0x0000000084000000, 0x0000000084000000|100%| O|  |TAMS 0x0000000084000000, 0x0000000083f00000| Untracked 
|  64|0x0000000084000000, 0x0000000084100000, 0x0000000084100000|100%| O|  |TAMS 0x0000000084100000, 0x0000000084000000| Untracked 
|  65|0x0000000084100000, 0x0000000084200000, 0x0000000084200000|100%| O|  |TAMS 0x0000000084200000, 0x0000000084100000| Untracked 
|  66|0x0000000084200000, 0x0000000084300000, 0x0000000084300000|100%| O|  |TAMS 0x0000000084300000, 0x0000000084200000| Untracked 
|  67|0x0000000084300000, 0x0000000084400000, 0x0000000084400000|100%| O|  |TAMS 0x0000000084400000, 0x0000000084300000| Untracked 
|  68|0x0000000084400000, 0x0000000084500000, 0x0000000084500000|100%| O|  |TAMS 0x0000000084500000, 0x0000000084400000| Untracked 
|  69|0x0000000084500000, 0x0000000084600000, 0x0000000084600000|100%| O|  |TAMS 0x0000000084600000, 0x0000000084500000| Untracked 
|  70|0x0000000084600000, 0x0000000084700000, 0x0000000084700000|100%| O|  |TAMS 0x0000000084700000, 0x0000000084600000| Untracked 
|  71|0x0000000084700000, 0x0000000084800000, 0x0000000084800000|100%|HS|  |TAMS 0x0000000084700000, 0x0000000084700000| Complete 
|  72|0x0000000084800000, 0x0000000084900000, 0x0000000084900000|100%|HC|  |TAMS 0x0000000084800000, 0x0000000084800000| Complete 
|  73|0x0000000084900000, 0x0000000084a00000, 0x0000000084a00000|100%|HS|  |TAMS 0x0000000084900000, 0x0000000084900000| Complete 
|  74|0x0000000084a00000, 0x0000000084b00000, 0x0000000084b00000|100%|HC|  |TAMS 0x0000000084a00000, 0x0000000084a00000| Complete 
|  75|0x0000000084b00000, 0x0000000084c00000, 0x0000000084c00000|100%| O|  |TAMS 0x0000000084c00000, 0x0000000084b00000| Untracked 
|  76|0x0000000084c00000, 0x0000000084d00000, 0x0000000084d00000|100%| O|  |TAMS 0x0000000084d00000, 0x0000000084c00000| Untracked 
|  77|0x0000000084d00000, 0x0000000084e00000, 0x0000000084e00000|100%| O|  |TAMS 0x0000000084e00000, 0x0000000084d00000| Untracked 
|  78|0x0000000084e00000, 0x0000000084f00000, 0x0000000084f00000|100%| O|  |TAMS 0x0000000084f00000, 0x0000000084e00000| Untracked 
|  79|0x0000000084f00000, 0x0000000085000000, 0x0000000085000000|100%| O|  |TAMS 0x0000000085000000, 0x0000000084f00000| Untracked 
|  80|0x0000000085000000, 0x0000000085100000, 0x0000000085100000|100%| O|  |TAMS 0x0000000085100000, 0x0000000085000000| Untracked 
|  81|0x0000000085100000, 0x0000000085200000, 0x0000000085200000|100%| O|  |TAMS 0x0000000085200000, 0x0000000085100000| Untracked 
|  82|0x0000000085200000, 0x0000000085300000, 0x0000000085300000|100%| O|  |TAMS 0x0000000085300000, 0x0000000085200000| Untracked 
|  83|0x0000000085300000, 0x0000000085400000, 0x0000000085400000|100%| O|  |TAMS 0x0000000085400000, 0x0000000085300000| Untracked 
|  84|0x0000000085400000, 0x0000000085500000, 0x0000000085500000|100%| O|  |TAMS 0x0000000085480000, 0x0000000085400000| Untracked 
|  85|0x0000000085500000, 0x0000000085600000, 0x0000000085600000|100%|HS|  |TAMS 0x0000000085500000, 0x0000000085500000| Complete 
|  86|0x0000000085600000, 0x0000000085700000, 0x0000000085700000|100%|HC|  |TAMS 0x0000000085600000, 0x0000000085600000| Complete 
|  87|0x0000000085700000, 0x0000000085800000, 0x0000000085800000|100%|HC|  |TAMS 0x0000000085700000, 0x0000000085700000| Complete 
|  88|0x0000000085800000, 0x0000000085900000, 0x0000000085900000|100%|HC|  |TAMS 0x0000000085800000, 0x0000000085800000| Complete 
|  89|0x0000000085900000, 0x0000000085a00000, 0x0000000085a00000|100%|HC|  |TAMS 0x0000000085900000, 0x0000000085900000| Complete 
|  90|0x0000000085a00000, 0x0000000085b00000, 0x0000000085b00000|100%|HC|  |TAMS 0x0000000085a00000, 0x0000000085a00000| Complete 
|  91|0x0000000085b00000, 0x0000000085c00000, 0x0000000085c00000|100%|HC|  |TAMS 0x0000000085b00000, 0x0000000085b00000| Complete 
|  92|0x0000000085c00000, 0x0000000085d00000, 0x0000000085d00000|100%|HC|  |TAMS 0x0000000085c00000, 0x0000000085c00000| Complete 
|  93|0x0000000085d00000, 0x0000000085e00000, 0x0000000085e00000|100%|HS|  |TAMS 0x0000000085d00000, 0x0000000085d00000| Complete 
|  94|0x0000000085e00000, 0x0000000085f00000, 0x0000000085f00000|100%|HC|  |TAMS 0x0000000085e00000, 0x0000000085e00000| Complete 
|  95|0x0000000085f00000, 0x0000000086000000, 0x0000000086000000|100%|HC|  |TAMS 0x0000000085f00000, 0x0000000085f00000| Complete 
|  96|0x0000000086000000, 0x0000000086100000, 0x0000000086100000|100%|HC|  |TAMS 0x0000000086000000, 0x0000000086000000| Complete 
|  97|0x0000000086100000, 0x0000000086200000, 0x0000000086200000|100%|HC|  |TAMS 0x0000000086100000, 0x0000000086100000| Complete 
|  98|0x0000000086200000, 0x0000000086300000, 0x0000000086300000|100%|HC|  |TAMS 0x0000000086200000, 0x0000000086200000| Complete 
|  99|0x0000000086300000, 0x0000000086400000, 0x0000000086400000|100%|HC|  |TAMS 0x0000000086300000, 0x0000000086300000| Complete 
| 100|0x0000000086400000, 0x0000000086500000, 0x0000000086500000|100%|HC|  |TAMS 0x0000000086400000, 0x0000000086400000| Complete 
| 101|0x0000000086500000, 0x0000000086600000, 0x0000000086600000|100%|HS|  |TAMS 0x0000000086500000, 0x0000000086500000| Complete 
| 102|0x0000000086600000, 0x0000000086700000, 0x0000000086700000|100%|HC|  |TAMS 0x0000000086600000, 0x0000000086600000| Complete 
| 103|0x0000000086700000, 0x0000000086800000, 0x0000000086800000|100%|HS|  |TAMS 0x0000000086700000, 0x0000000086700000| Complete 
| 104|0x0000000086800000, 0x0000000086900000, 0x0000000086900000|100%|HC|  |TAMS 0x0000000086800000, 0x0000000086800000| Complete 
| 105|0x0000000086900000, 0x0000000086900000, 0x0000000086a00000|  0%| F|  |TAMS 0x0000000086900000, 0x0000000086900000| Untracked 
| 106|0x0000000086a00000, 0x0000000086a00000, 0x0000000086b00000|  0%| F|  |TAMS 0x0000000086a00000, 0x0000000086a00000| Untracked 
| 107|0x0000000086b00000, 0x0000000086c00000, 0x0000000086c00000|100%| O|  |TAMS 0x0000000086b00000, 0x0000000086b00000| Untracked 
| 108|0x0000000086c00000, 0x0000000086d00000, 0x0000000086d00000|100%| O|  |TAMS 0x0000000086c00000, 0x0000000086c00000| Untracked 
| 109|0x0000000086d00000, 0x0000000086e00000, 0x0000000086e00000|100%| O|  |TAMS 0x0000000086d00000, 0x0000000086d00000| Untracked 
| 110|0x0000000086e00000, 0x0000000086f00000, 0x0000000086f00000|100%| O|  |TAMS 0x0000000086e00000, 0x0000000086e00000| Untracked 
| 111|0x0000000086f00000, 0x0000000087000000, 0x0000000087000000|100%| O|  |TAMS 0x0000000086f00000, 0x0000000086f00000| Untracked 
| 112|0x0000000087000000, 0x00000000870cd800, 0x0000000087100000| 80%| O|  |TAMS 0x0000000087000000, 0x0000000087000000| Untracked 
| 113|0x0000000087100000, 0x0000000087100000, 0x0000000087200000|  0%| F|  |TAMS 0x0000000087100000, 0x0000000087100000| Untracked 
| 114|0x0000000087200000, 0x0000000087200000, 0x0000000087300000|  0%| F|  |TAMS 0x0000000087200000, 0x0000000087200000| Untracked 
| 115|0x0000000087300000, 0x0000000087300000, 0x0000000087400000|  0%| F|  |TAMS 0x0000000087300000, 0x0000000087300000| Untracked 
| 116|0x0000000087400000, 0x0000000087400000, 0x0000000087500000|  0%| F|  |TAMS 0x0000000087400000, 0x0000000087400000| Untracked 
| 117|0x0000000087500000, 0x0000000087500000, 0x0000000087600000|  0%| F|  |TAMS 0x0000000087500000, 0x0000000087500000| Untracked 
| 118|0x0000000087600000, 0x0000000087600000, 0x0000000087700000|  0%| F|  |TAMS 0x0000000087600000, 0x0000000087600000| Untracked 
| 119|0x0000000087700000, 0x0000000087700000, 0x0000000087800000|  0%| F|  |TAMS 0x0000000087700000, 0x0000000087700000| Untracked 
| 120|0x0000000087800000, 0x0000000087800000, 0x0000000087900000|  0%| F|  |TAMS 0x0000000087800000, 0x0000000087800000| Untracked 
| 121|0x0000000087900000, 0x0000000087900000, 0x0000000087a00000|  0%| F|  |TAMS 0x0000000087900000, 0x0000000087900000| Untracked 
| 122|0x0000000087a00000, 0x0000000087a00000, 0x0000000087b00000|  0%| F|  |TAMS 0x0000000087a00000, 0x0000000087a00000| Untracked 
| 123|0x0000000087b00000, 0x0000000087b00000, 0x0000000087c00000|  0%| F|  |TAMS 0x0000000087b00000, 0x0000000087b00000| Untracked 
| 124|0x0000000087c00000, 0x0000000087c00000, 0x0000000087d00000|  0%| F|  |TAMS 0x0000000087c00000, 0x0000000087c00000| Untracked 
| 125|0x0000000087d00000, 0x0000000087d00000, 0x0000000087e00000|  0%| F|  |TAMS 0x0000000087d00000, 0x0000000087d00000| Untracked 
| 126|0x0000000087e00000, 0x0000000087e00000, 0x0000000087f00000|  0%| F|  |TAMS 0x0000000087e00000, 0x0000000087e00000| Untracked 
| 127|0x0000000087f00000, 0x0000000087f00000, 0x0000000088000000|  0%| F|  |TAMS 0x0000000087f00000, 0x0000000087f00000| Untracked 
| 128|0x0000000088000000, 0x0000000088000000, 0x0000000088100000|  0%| F|  |TAMS 0x0000000088000000, 0x0000000088000000| Untracked 
| 129|0x0000000088100000, 0x0000000088100000, 0x0000000088200000|  0%| F|  |TAMS 0x0000000088100000, 0x0000000088100000| Untracked 
| 130|0x0000000088200000, 0x0000000088200000, 0x0000000088300000|  0%| F|  |TAMS 0x0000000088200000, 0x0000000088200000| Untracked 
| 131|0x0000000088300000, 0x0000000088300000, 0x0000000088400000|  0%| F|  |TAMS 0x0000000088300000, 0x0000000088300000| Untracked 
| 132|0x0000000088400000, 0x0000000088400000, 0x0000000088500000|  0%| F|  |TAMS 0x0000000088400000, 0x0000000088400000| Untracked 
| 133|0x0000000088500000, 0x0000000088500000, 0x0000000088600000|  0%| F|  |TAMS 0x0000000088500000, 0x0000000088500000| Untracked 
| 134|0x0000000088600000, 0x0000000088600000, 0x0000000088700000|  0%| F|  |TAMS 0x0000000088600000, 0x0000000088600000| Untracked 
| 135|0x0000000088700000, 0x0000000088700000, 0x0000000088800000|  0%| F|  |TAMS 0x0000000088700000, 0x0000000088700000| Untracked 
| 136|0x0000000088800000, 0x0000000088800000, 0x0000000088900000|  0%| F|  |TAMS 0x0000000088800000, 0x0000000088800000| Untracked 
| 137|0x0000000088900000, 0x0000000088900000, 0x0000000088a00000|  0%| F|  |TAMS 0x0000000088900000, 0x0000000088900000| Untracked 
| 138|0x0000000088a00000, 0x0000000088a00000, 0x0000000088b00000|  0%| F|  |TAMS 0x0000000088a00000, 0x0000000088a00000| Untracked 
| 139|0x0000000088b00000, 0x0000000088b00000, 0x0000000088c00000|  0%| F|  |TAMS 0x0000000088b00000, 0x0000000088b00000| Untracked 
| 140|0x0000000088c00000, 0x0000000088c00000, 0x0000000088d00000|  0%| F|  |TAMS 0x0000000088c00000, 0x0000000088c00000| Untracked 
| 141|0x0000000088d00000, 0x0000000088d00000, 0x0000000088e00000|  0%| F|  |TAMS 0x0000000088d00000, 0x0000000088d00000| Untracked 
| 142|0x0000000088e00000, 0x0000000088e00000, 0x0000000088f00000|  0%| F|  |TAMS 0x0000000088e00000, 0x0000000088e00000| Untracked 
| 143|0x0000000088f00000, 0x0000000088f00000, 0x0000000089000000|  0%| F|  |TAMS 0x0000000088f00000, 0x0000000088f00000| Untracked 
| 144|0x0000000089000000, 0x0000000089000000, 0x0000000089100000|  0%| F|  |TAMS 0x0000000089000000, 0x0000000089000000| Untracked 
| 145|0x0000000089100000, 0x0000000089100000, 0x0000000089200000|  0%| F|  |TAMS 0x0000000089100000, 0x0000000089100000| Untracked 
| 146|0x0000000089200000, 0x0000000089200000, 0x0000000089300000|  0%| F|  |TAMS 0x0000000089200000, 0x0000000089200000| Untracked 
| 147|0x0000000089300000, 0x0000000089300000, 0x0000000089400000|  0%| F|  |TAMS 0x0000000089300000, 0x0000000089300000| Untracked 
| 148|0x0000000089400000, 0x0000000089400000, 0x0000000089500000|  0%| F|  |TAMS 0x0000000089400000, 0x0000000089400000| Untracked 
| 149|0x0000000089500000, 0x0000000089500000, 0x0000000089600000|  0%| F|  |TAMS 0x0000000089500000, 0x0000000089500000| Untracked 
| 150|0x0000000089600000, 0x0000000089600000, 0x0000000089700000|  0%| F|  |TAMS 0x0000000089600000, 0x0000000089600000| Untracked 
| 151|0x0000000089700000, 0x0000000089700000, 0x0000000089800000|  0%| F|  |TAMS 0x0000000089700000, 0x0000000089700000| Untracked 
| 152|0x0000000089800000, 0x0000000089800000, 0x0000000089900000|  0%| F|  |TAMS 0x0000000089800000, 0x0000000089800000| Untracked 
| 153|0x0000000089900000, 0x0000000089900000, 0x0000000089a00000|  0%| F|  |TAMS 0x0000000089900000, 0x0000000089900000| Untracked 
| 154|0x0000000089a00000, 0x0000000089a00000, 0x0000000089b00000|  0%| F|  |TAMS 0x0000000089a00000, 0x0000000089a00000| Untracked 
| 155|0x0000000089b00000, 0x0000000089b00000, 0x0000000089c00000|  0%| F|  |TAMS 0x0000000089b00000, 0x0000000089b00000| Untracked 
| 156|0x0000000089c00000, 0x0000000089c00000, 0x0000000089d00000|  0%| F|  |TAMS 0x0000000089c00000, 0x0000000089c00000| Untracked 
| 157|0x0000000089d00000, 0x0000000089d00000, 0x0000000089e00000|  0%| F|  |TAMS 0x0000000089d00000, 0x0000000089d00000| Untracked 
| 158|0x0000000089e00000, 0x0000000089e00000, 0x0000000089f00000|  0%| F|  |TAMS 0x0000000089e00000, 0x0000000089e00000| Untracked 
| 159|0x0000000089f00000, 0x0000000089f00000, 0x000000008a000000|  0%| F|  |TAMS 0x0000000089f00000, 0x0000000089f00000| Untracked 
| 160|0x000000008a000000, 0x000000008a000000, 0x000000008a100000|  0%| F|  |TAMS 0x000000008a000000, 0x000000008a000000| Untracked 
| 161|0x000000008a100000, 0x000000008a100000, 0x000000008a200000|  0%| F|  |TAMS 0x000000008a100000, 0x000000008a100000| Untracked 
| 162|0x000000008a200000, 0x000000008a200000, 0x000000008a300000|  0%| F|  |TAMS 0x000000008a200000, 0x000000008a200000| Untracked 
| 163|0x000000008a300000, 0x000000008a300000, 0x000000008a400000|  0%| F|  |TAMS 0x000000008a300000, 0x000000008a300000| Untracked 
| 164|0x000000008a400000, 0x000000008a400000, 0x000000008a500000|  0%| F|  |TAMS 0x000000008a400000, 0x000000008a400000| Untracked 
| 165|0x000000008a500000, 0x000000008a500000, 0x000000008a600000|  0%| F|  |TAMS 0x000000008a500000, 0x000000008a500000| Untracked 
| 166|0x000000008a600000, 0x000000008a600000, 0x000000008a700000|  0%| F|  |TAMS 0x000000008a600000, 0x000000008a600000| Untracked 
| 167|0x000000008a700000, 0x000000008a700000, 0x000000008a800000|  0%| F|  |TAMS 0x000000008a700000, 0x000000008a700000| Untracked 
| 168|0x000000008a800000, 0x000000008a800000, 0x000000008a900000|  0%| F|  |TAMS 0x000000008a800000, 0x000000008a800000| Untracked 
| 169|0x000000008a900000, 0x000000008a900000, 0x000000008aa00000|  0%| F|  |TAMS 0x000000008a900000, 0x000000008a900000| Untracked 
| 170|0x000000008aa00000, 0x000000008aa00000, 0x000000008ab00000|  0%| F|  |TAMS 0x000000008aa00000, 0x000000008aa00000| Untracked 
| 171|0x000000008ab00000, 0x000000008ab00000, 0x000000008ac00000|  0%| F|  |TAMS 0x000000008ab00000, 0x000000008ab00000| Untracked 
| 172|0x000000008ac00000, 0x000000008ac00000, 0x000000008ad00000|  0%| F|  |TAMS 0x000000008ac00000, 0x000000008ac00000| Untracked 
| 173|0x000000008ad00000, 0x000000008ad00000, 0x000000008ae00000|  0%| F|  |TAMS 0x000000008ad00000, 0x000000008ad00000| Untracked 
| 174|0x000000008ae00000, 0x000000008ae00000, 0x000000008af00000|  0%| F|  |TAMS 0x000000008ae00000, 0x000000008ae00000| Untracked 
| 175|0x000000008af00000, 0x000000008af00000, 0x000000008b000000|  0%| F|  |TAMS 0x000000008af00000, 0x000000008af00000| Untracked 
| 176|0x000000008b000000, 0x000000008b080000, 0x000000008b100000| 50%| S|CS|TAMS 0x000000008b000000, 0x000000008b000000| Complete 
| 177|0x000000008b100000, 0x000000008b200000, 0x000000008b200000|100%| S|CS|TAMS 0x000000008b100000, 0x000000008b100000| Complete 
| 178|0x000000008b200000, 0x000000008b300000, 0x000000008b300000|100%| S|CS|TAMS 0x000000008b200000, 0x000000008b200000| Complete 
| 179|0x000000008b300000, 0x000000008b400000, 0x000000008b400000|100%| S|CS|TAMS 0x000000008b300000, 0x000000008b300000| Complete 
| 180|0x000000008b400000, 0x000000008b500000, 0x000000008b500000|100%| S|CS|TAMS 0x000000008b400000, 0x000000008b400000| Complete 
| 181|0x000000008b500000, 0x000000008b600000, 0x000000008b600000|100%| S|CS|TAMS 0x000000008b500000, 0x000000008b500000| Complete 
| 182|0x000000008b600000, 0x000000008b600000, 0x000000008b700000|  0%| F|  |TAMS 0x000000008b600000, 0x000000008b600000| Untracked 
| 183|0x000000008b700000, 0x000000008b700000, 0x000000008b800000|  0%| F|  |TAMS 0x000000008b700000, 0x000000008b700000| Untracked 
| 184|0x000000008b800000, 0x000000008b800000, 0x000000008b900000|  0%| F|  |TAMS 0x000000008b800000, 0x000000008b800000| Untracked 
| 185|0x000000008b900000, 0x000000008b900000, 0x000000008ba00000|  0%| F|  |TAMS 0x000000008b900000, 0x000000008b900000| Untracked 
| 186|0x000000008ba00000, 0x000000008ba00000, 0x000000008bb00000|  0%| F|  |TAMS 0x000000008ba00000, 0x000000008ba00000| Untracked 
| 187|0x000000008bb00000, 0x000000008bb00000, 0x000000008bc00000|  0%| F|  |TAMS 0x000000008bb00000, 0x000000008bb00000| Untracked 
| 188|0x000000008bc00000, 0x000000008bc00000, 0x000000008bd00000|  0%| F|  |TAMS 0x000000008bc00000, 0x000000008bc00000| Untracked 
| 189|0x000000008bd00000, 0x000000008bd00000, 0x000000008be00000|  0%| F|  |TAMS 0x000000008bd00000, 0x000000008bd00000| Untracked 
| 190|0x000000008be00000, 0x000000008be00000, 0x000000008bf00000|  0%| F|  |TAMS 0x000000008be00000, 0x000000008be00000| Untracked 
| 191|0x000000008bf00000, 0x000000008bf00000, 0x000000008c000000|  0%| F|  |TAMS 0x000000008bf00000, 0x000000008bf00000| Untracked 
| 192|0x000000008c000000, 0x000000008c000000, 0x000000008c100000|  0%| F|  |TAMS 0x000000008c000000, 0x000000008c000000| Untracked 
| 193|0x000000008c100000, 0x000000008c100000, 0x000000008c200000|  0%| F|  |TAMS 0x000000008c100000, 0x000000008c100000| Untracked 
| 194|0x000000008c200000, 0x000000008c200000, 0x000000008c300000|  0%| F|  |TAMS 0x000000008c200000, 0x000000008c200000| Untracked 
| 195|0x000000008c300000, 0x000000008c400000, 0x000000008c400000|100%| S|CS|TAMS 0x000000008c300000, 0x000000008c300000| Complete 
| 196|0x000000008c400000, 0x000000008c400000, 0x000000008c500000|  0%| F|  |TAMS 0x000000008c400000, 0x000000008c400000| Untracked 
| 197|0x000000008c500000, 0x000000008c500000, 0x000000008c600000|  0%| F|  |TAMS 0x000000008c500000, 0x000000008c500000| Untracked 
| 198|0x000000008c600000, 0x000000008c600000, 0x000000008c700000|  0%| F|  |TAMS 0x000000008c600000, 0x000000008c600000| Untracked 
| 199|0x000000008c700000, 0x000000008c700000, 0x000000008c800000|  0%| F|  |TAMS 0x000000008c700000, 0x000000008c700000| Untracked 
| 200|0x000000008c800000, 0x000000008c800000, 0x000000008c900000|  0%| F|  |TAMS 0x000000008c800000, 0x000000008c800000| Untracked 
| 201|0x000000008c900000, 0x000000008c900000, 0x000000008ca00000|  0%| F|  |TAMS 0x000000008c900000, 0x000000008c900000| Untracked 
| 202|0x000000008ca00000, 0x000000008ca00000, 0x000000008cb00000|  0%| F|  |TAMS 0x000000008ca00000, 0x000000008ca00000| Untracked 
| 203|0x000000008cb00000, 0x000000008cb00000, 0x000000008cc00000|  0%| F|  |TAMS 0x000000008cb00000, 0x000000008cb00000| Untracked 
| 204|0x000000008cc00000, 0x000000008cc00000, 0x000000008cd00000|  0%| F|  |TAMS 0x000000008cc00000, 0x000000008cc00000| Untracked 
| 205|0x000000008cd00000, 0x000000008cd00000, 0x000000008ce00000|  0%| F|  |TAMS 0x000000008cd00000, 0x000000008cd00000| Untracked 
| 206|0x000000008ce00000, 0x000000008ce00000, 0x000000008cf00000|  0%| F|  |TAMS 0x000000008ce00000, 0x000000008ce00000| Untracked 
| 207|0x000000008cf00000, 0x000000008cf00000, 0x000000008d000000|  0%| F|  |TAMS 0x000000008cf00000, 0x000000008cf00000| Untracked 
| 208|0x000000008d000000, 0x000000008d000000, 0x000000008d100000|  0%| F|  |TAMS 0x000000008d000000, 0x000000008d000000| Untracked 
| 209|0x000000008d100000, 0x000000008d100000, 0x000000008d200000|  0%| F|  |TAMS 0x000000008d100000, 0x000000008d100000| Untracked 
| 210|0x000000008d200000, 0x000000008d200000, 0x000000008d300000|  0%| F|  |TAMS 0x000000008d200000, 0x000000008d200000| Untracked 
| 211|0x000000008d300000, 0x000000008d300000, 0x000000008d400000|  0%| F|  |TAMS 0x000000008d300000, 0x000000008d300000| Untracked 
| 212|0x000000008d400000, 0x000000008d400000, 0x000000008d500000|  0%| F|  |TAMS 0x000000008d400000, 0x000000008d400000| Untracked 
| 213|0x000000008d500000, 0x000000008d500000, 0x000000008d600000|  0%| F|  |TAMS 0x000000008d500000, 0x000000008d500000| Untracked 
| 214|0x000000008d600000, 0x000000008d600000, 0x000000008d700000|  0%| F|  |TAMS 0x000000008d600000, 0x000000008d600000| Untracked 
| 215|0x000000008d700000, 0x000000008d700000, 0x000000008d800000|  0%| F|  |TAMS 0x000000008d700000, 0x000000008d700000| Untracked 
| 216|0x000000008d800000, 0x000000008d800000, 0x000000008d900000|  0%| F|  |TAMS 0x000000008d800000, 0x000000008d800000| Untracked 
| 217|0x000000008d900000, 0x000000008d900000, 0x000000008da00000|  0%| F|  |TAMS 0x000000008d900000, 0x000000008d900000| Untracked 
| 218|0x000000008da00000, 0x000000008da00000, 0x000000008db00000|  0%| F|  |TAMS 0x000000008da00000, 0x000000008da00000| Untracked 
| 219|0x000000008db00000, 0x000000008db00000, 0x000000008dc00000|  0%| F|  |TAMS 0x000000008db00000, 0x000000008db00000| Untracked 
| 220|0x000000008dc00000, 0x000000008dc00000, 0x000000008dd00000|  0%| F|  |TAMS 0x000000008dc00000, 0x000000008dc00000| Untracked 
| 221|0x000000008dd00000, 0x000000008dd00000, 0x000000008de00000|  0%| F|  |TAMS 0x000000008dd00000, 0x000000008dd00000| Untracked 
| 222|0x000000008de00000, 0x000000008de00000, 0x000000008df00000|  0%| F|  |TAMS 0x000000008de00000, 0x000000008de00000| Untracked 
| 223|0x000000008df00000, 0x000000008df00000, 0x000000008e000000|  0%| F|  |TAMS 0x000000008df00000, 0x000000008df00000| Untracked 
| 224|0x000000008e000000, 0x000000008e000000, 0x000000008e100000|  0%| F|  |TAMS 0x000000008e000000, 0x000000008e000000| Untracked 
| 225|0x000000008e100000, 0x000000008e100000, 0x000000008e200000|  0%| F|  |TAMS 0x000000008e100000, 0x000000008e100000| Untracked 
| 226|0x000000008e200000, 0x000000008e200000, 0x000000008e300000|  0%| F|  |TAMS 0x000000008e200000, 0x000000008e200000| Untracked 
| 227|0x000000008e300000, 0x000000008e300000, 0x000000008e400000|  0%| F|  |TAMS 0x000000008e300000, 0x000000008e300000| Untracked 
| 228|0x000000008e400000, 0x000000008e400000, 0x000000008e500000|  0%| F|  |TAMS 0x000000008e400000, 0x000000008e400000| Untracked 
| 229|0x000000008e500000, 0x000000008e500000, 0x000000008e600000|  0%| F|  |TAMS 0x000000008e500000, 0x000000008e500000| Untracked 
| 230|0x000000008e600000, 0x000000008e600000, 0x000000008e700000|  0%| F|  |TAMS 0x000000008e600000, 0x000000008e600000| Untracked 
| 231|0x000000008e700000, 0x000000008e700000, 0x000000008e800000|  0%| F|  |TAMS 0x000000008e700000, 0x000000008e700000| Untracked 
| 232|0x000000008e800000, 0x000000008e800000, 0x000000008e900000|  0%| F|  |TAMS 0x000000008e800000, 0x000000008e800000| Untracked 
| 233|0x000000008e900000, 0x000000008e900000, 0x000000008ea00000|  0%| F|  |TAMS 0x000000008e900000, 0x000000008e900000| Untracked 
| 234|0x000000008ea00000, 0x000000008ea00000, 0x000000008eb00000|  0%| F|  |TAMS 0x000000008ea00000, 0x000000008ea00000| Untracked 
| 235|0x000000008eb00000, 0x000000008eb00000, 0x000000008ec00000|  0%| F|  |TAMS 0x000000008eb00000, 0x000000008eb00000| Untracked 
| 236|0x000000008ec00000, 0x000000008ec00000, 0x000000008ed00000|  0%| F|  |TAMS 0x000000008ec00000, 0x000000008ec00000| Untracked 
| 237|0x000000008ed00000, 0x000000008ed00000, 0x000000008ee00000|  0%| F|  |TAMS 0x000000008ed00000, 0x000000008ed00000| Untracked 
| 238|0x000000008ee00000, 0x000000008ee00000, 0x000000008ef00000|  0%| F|  |TAMS 0x000000008ee00000, 0x000000008ee00000| Untracked 
| 239|0x000000008ef00000, 0x000000008ef00000, 0x000000008f000000|  0%| F|  |TAMS 0x000000008ef00000, 0x000000008ef00000| Untracked 
| 240|0x000000008f000000, 0x000000008f000000, 0x000000008f100000|  0%| F|  |TAMS 0x000000008f000000, 0x000000008f000000| Untracked 
| 241|0x000000008f100000, 0x000000008f100000, 0x000000008f200000|  0%| F|  |TAMS 0x000000008f100000, 0x000000008f100000| Untracked 
| 242|0x000000008f200000, 0x000000008f200000, 0x000000008f300000|  0%| F|  |TAMS 0x000000008f200000, 0x000000008f200000| Untracked 
| 243|0x000000008f300000, 0x000000008f300000, 0x000000008f400000|  0%| F|  |TAMS 0x000000008f300000, 0x000000008f300000| Untracked 
| 244|0x000000008f400000, 0x000000008f400000, 0x000000008f500000|  0%| F|  |TAMS 0x000000008f400000, 0x000000008f400000| Untracked 
| 245|0x000000008f500000, 0x000000008f500000, 0x000000008f600000|  0%| F|  |TAMS 0x000000008f500000, 0x000000008f500000| Untracked 
| 246|0x000000008f600000, 0x000000008f600000, 0x000000008f700000|  0%| F|  |TAMS 0x000000008f600000, 0x000000008f600000| Untracked 
| 247|0x000000008f700000, 0x000000008f700000, 0x000000008f800000|  0%| F|  |TAMS 0x000000008f700000, 0x000000008f700000| Untracked 
| 248|0x000000008f800000, 0x000000008f800000, 0x000000008f900000|  0%| F|  |TAMS 0x000000008f800000, 0x000000008f800000| Untracked 
| 249|0x000000008f900000, 0x000000008f900000, 0x000000008fa00000|  0%| F|  |TAMS 0x000000008f900000, 0x000000008f900000| Untracked 
| 250|0x000000008fa00000, 0x000000008fa00000, 0x000000008fb00000|  0%| F|  |TAMS 0x000000008fa00000, 0x000000008fa00000| Untracked 
| 251|0x000000008fb00000, 0x000000008fb00000, 0x000000008fc00000|  0%| F|  |TAMS 0x000000008fb00000, 0x000000008fb00000| Untracked 
| 252|0x000000008fc00000, 0x000000008fc00000, 0x000000008fd00000|  0%| F|  |TAMS 0x000000008fc00000, 0x000000008fc00000| Untracked 
| 253|0x000000008fd00000, 0x000000008fd00000, 0x000000008fe00000|  0%| F|  |TAMS 0x000000008fd00000, 0x000000008fd00000| Untracked 
| 254|0x000000008fe00000, 0x000000008fe00000, 0x000000008ff00000|  0%| F|  |TAMS 0x000000008fe00000, 0x000000008fe00000| Untracked 
| 255|0x000000008ff00000, 0x000000008ff00000, 0x0000000090000000|  0%| F|  |TAMS 0x000000008ff00000, 0x000000008ff00000| Untracked 
| 256|0x0000000090000000, 0x0000000090000000, 0x0000000090100000|  0%| F|  |TAMS 0x0000000090000000, 0x0000000090000000| Untracked 
| 257|0x0000000090100000, 0x0000000090100000, 0x0000000090200000|  0%| F|  |TAMS 0x0000000090100000, 0x0000000090100000| Untracked 
| 258|0x0000000090200000, 0x0000000090200000, 0x0000000090300000|  0%| F|  |TAMS 0x0000000090200000, 0x0000000090200000| Untracked 
| 259|0x0000000090300000, 0x0000000090300000, 0x0000000090400000|  0%| F|  |TAMS 0x0000000090300000, 0x0000000090300000| Untracked 
| 260|0x0000000090400000, 0x0000000090400000, 0x0000000090500000|  0%| F|  |TAMS 0x0000000090400000, 0x0000000090400000| Untracked 
| 261|0x0000000090500000, 0x0000000090500000, 0x0000000090600000|  0%| F|  |TAMS 0x0000000090500000, 0x0000000090500000| Untracked 
| 262|0x0000000090600000, 0x0000000090600000, 0x0000000090700000|  0%| F|  |TAMS 0x0000000090600000, 0x0000000090600000| Untracked 
| 263|0x0000000090700000, 0x0000000090700000, 0x0000000090800000|  0%| F|  |TAMS 0x0000000090700000, 0x0000000090700000| Untracked 
| 264|0x0000000090800000, 0x0000000090800000, 0x0000000090900000|  0%| F|  |TAMS 0x0000000090800000, 0x0000000090800000| Untracked 
| 265|0x0000000090900000, 0x0000000090900000, 0x0000000090a00000|  0%| F|  |TAMS 0x0000000090900000, 0x0000000090900000| Untracked 
| 266|0x0000000090a00000, 0x0000000090a00000, 0x0000000090b00000|  0%| F|  |TAMS 0x0000000090a00000, 0x0000000090a00000| Untracked 
| 267|0x0000000090b00000, 0x0000000090b00000, 0x0000000090c00000|  0%| F|  |TAMS 0x0000000090b00000, 0x0000000090b00000| Untracked 
| 268|0x0000000090c00000, 0x0000000090c00000, 0x0000000090d00000|  0%| F|  |TAMS 0x0000000090c00000, 0x0000000090c00000| Untracked 
| 269|0x0000000090d00000, 0x0000000090d00000, 0x0000000090e00000|  0%| F|  |TAMS 0x0000000090d00000, 0x0000000090d00000| Untracked 
| 270|0x0000000090e00000, 0x0000000090e0b678, 0x0000000090f00000|  4%| E|  |TAMS 0x0000000090e00000, 0x0000000090e00000| Complete 
| 271|0x0000000090f00000, 0x0000000091000000, 0x0000000091000000|100%| E|CS|TAMS 0x0000000090f00000, 0x0000000090f00000| Complete 
| 272|0x0000000091000000, 0x0000000091100000, 0x0000000091100000|100%| E|CS|TAMS 0x0000000091000000, 0x0000000091000000| Complete 
| 273|0x0000000091100000, 0x0000000091200000, 0x0000000091200000|100%| E|  |TAMS 0x0000000091100000, 0x0000000091100000| Complete 
| 274|0x0000000091200000, 0x0000000091300000, 0x0000000091300000|100%| E|CS|TAMS 0x0000000091200000, 0x0000000091200000| Complete 
| 275|0x0000000091300000, 0x0000000091400000, 0x0000000091400000|100%| E|CS|TAMS 0x0000000091300000, 0x0000000091300000| Complete 
| 276|0x0000000091400000, 0x0000000091500000, 0x0000000091500000|100%| E|CS|TAMS 0x0000000091400000, 0x0000000091400000| Complete 
| 277|0x0000000091500000, 0x0000000091600000, 0x0000000091600000|100%| E|CS|TAMS 0x0000000091500000, 0x0000000091500000| Complete 
| 278|0x0000000091600000, 0x0000000091700000, 0x0000000091700000|100%| E|CS|TAMS 0x0000000091600000, 0x0000000091600000| Complete 
| 279|0x0000000091700000, 0x0000000091800000, 0x0000000091800000|100%| E|CS|TAMS 0x0000000091700000, 0x0000000091700000| Complete 
| 280|0x0000000091800000, 0x0000000091900000, 0x0000000091900000|100%| E|CS|TAMS 0x0000000091800000, 0x0000000091800000| Complete 
| 281|0x0000000091900000, 0x0000000091a00000, 0x0000000091a00000|100%| E|CS|TAMS 0x0000000091900000, 0x0000000091900000| Complete 
| 282|0x0000000091a00000, 0x0000000091b00000, 0x0000000091b00000|100%| E|CS|TAMS 0x0000000091a00000, 0x0000000091a00000| Complete 
| 283|0x0000000091b00000, 0x0000000091c00000, 0x0000000091c00000|100%| E|CS|TAMS 0x0000000091b00000, 0x0000000091b00000| Complete 
| 284|0x0000000091c00000, 0x0000000091d00000, 0x0000000091d00000|100%| E|CS|TAMS 0x0000000091c00000, 0x0000000091c00000| Complete 
| 285|0x0000000091d00000, 0x0000000091e00000, 0x0000000091e00000|100%| E|CS|TAMS 0x0000000091d00000, 0x0000000091d00000| Complete 
| 286|0x0000000091e00000, 0x0000000091f00000, 0x0000000091f00000|100%| E|CS|TAMS 0x0000000091e00000, 0x0000000091e00000| Complete 
| 287|0x0000000091f00000, 0x0000000092000000, 0x0000000092000000|100%| E|CS|TAMS 0x0000000091f00000, 0x0000000091f00000| Complete 
| 288|0x0000000092000000, 0x0000000092100000, 0x0000000092100000|100%| E|CS|TAMS 0x0000000092000000, 0x0000000092000000| Complete 
| 289|0x0000000092100000, 0x0000000092200000, 0x0000000092200000|100%| E|CS|TAMS 0x0000000092100000, 0x0000000092100000| Complete 
| 290|0x0000000092200000, 0x0000000092300000, 0x0000000092300000|100%| E|CS|TAMS 0x0000000092200000, 0x0000000092200000| Complete 
| 291|0x0000000092300000, 0x0000000092400000, 0x0000000092400000|100%| E|CS|TAMS 0x0000000092300000, 0x0000000092300000| Complete 
| 292|0x0000000092400000, 0x0000000092500000, 0x0000000092500000|100%| E|CS|TAMS 0x0000000092400000, 0x0000000092400000| Complete 
| 293|0x0000000092500000, 0x0000000092600000, 0x0000000092600000|100%| E|CS|TAMS 0x0000000092500000, 0x0000000092500000| Complete 
| 294|0x0000000092600000, 0x0000000092700000, 0x0000000092700000|100%| E|CS|TAMS 0x0000000092600000, 0x0000000092600000| Complete 
| 295|0x0000000092700000, 0x0000000092800000, 0x0000000092800000|100%| E|CS|TAMS 0x0000000092700000, 0x0000000092700000| Complete 
| 296|0x0000000092800000, 0x0000000092900000, 0x0000000092900000|100%| E|CS|TAMS 0x0000000092800000, 0x0000000092800000| Complete 
| 297|0x0000000092900000, 0x0000000092a00000, 0x0000000092a00000|100%| E|CS|TAMS 0x0000000092900000, 0x0000000092900000| Complete 
| 298|0x0000000092a00000, 0x0000000092b00000, 0x0000000092b00000|100%| E|CS|TAMS 0x0000000092a00000, 0x0000000092a00000| Complete 
| 299|0x0000000092b00000, 0x0000000092c00000, 0x0000000092c00000|100%| E|CS|TAMS 0x0000000092b00000, 0x0000000092b00000| Complete 
| 300|0x0000000092c00000, 0x0000000092d00000, 0x0000000092d00000|100%| E|CS|TAMS 0x0000000092c00000, 0x0000000092c00000| Complete 
| 301|0x0000000092d00000, 0x0000000092e00000, 0x0000000092e00000|100%| E|CS|TAMS 0x0000000092d00000, 0x0000000092d00000| Complete 
| 302|0x0000000092e00000, 0x0000000092f00000, 0x0000000092f00000|100%| E|CS|TAMS 0x0000000092e00000, 0x0000000092e00000| Complete 
| 303|0x0000000092f00000, 0x0000000093000000, 0x0000000093000000|100%| E|CS|TAMS 0x0000000092f00000, 0x0000000092f00000| Complete 
| 304|0x0000000093000000, 0x0000000093100000, 0x0000000093100000|100%| E|CS|TAMS 0x0000000093000000, 0x0000000093000000| Complete 
| 305|0x0000000093100000, 0x0000000093200000, 0x0000000093200000|100%| E|CS|TAMS 0x0000000093100000, 0x0000000093100000| Complete 
| 306|0x0000000093200000, 0x0000000093300000, 0x0000000093300000|100%| E|CS|TAMS 0x0000000093200000, 0x0000000093200000| Complete 
| 307|0x0000000093300000, 0x0000000093400000, 0x0000000093400000|100%| E|CS|TAMS 0x0000000093300000, 0x0000000093300000| Complete 
| 308|0x0000000093400000, 0x0000000093500000, 0x0000000093500000|100%| E|CS|TAMS 0x0000000093400000, 0x0000000093400000| Complete 
| 309|0x0000000093500000, 0x0000000093600000, 0x0000000093600000|100%| E|CS|TAMS 0x0000000093500000, 0x0000000093500000| Complete 
| 310|0x0000000093600000, 0x0000000093700000, 0x0000000093700000|100%| E|CS|TAMS 0x0000000093600000, 0x0000000093600000| Complete 
| 311|0x0000000093700000, 0x0000000093800000, 0x0000000093800000|100%| E|CS|TAMS 0x0000000093700000, 0x0000000093700000| Complete 
| 312|0x0000000093800000, 0x0000000093900000, 0x0000000093900000|100%| E|CS|TAMS 0x0000000093800000, 0x0000000093800000| Complete 
| 313|0x0000000093900000, 0x0000000093a00000, 0x0000000093a00000|100%| E|CS|TAMS 0x0000000093900000, 0x0000000093900000| Complete 
| 314|0x0000000093a00000, 0x0000000093b00000, 0x0000000093b00000|100%| E|CS|TAMS 0x0000000093a00000, 0x0000000093a00000| Complete 
| 315|0x0000000093b00000, 0x0000000093c00000, 0x0000000093c00000|100%| E|CS|TAMS 0x0000000093b00000, 0x0000000093b00000| Complete 
| 316|0x0000000093c00000, 0x0000000093d00000, 0x0000000093d00000|100%| E|CS|TAMS 0x0000000093c00000, 0x0000000093c00000| Complete 
| 317|0x0000000093d00000, 0x0000000093e00000, 0x0000000093e00000|100%| E|CS|TAMS 0x0000000093d00000, 0x0000000093d00000| Complete 
| 318|0x0000000093e00000, 0x0000000093f00000, 0x0000000093f00000|100%| E|CS|TAMS 0x0000000093e00000, 0x0000000093e00000| Complete 
| 319|0x0000000093f00000, 0x0000000094000000, 0x0000000094000000|100%| E|CS|TAMS 0x0000000093f00000, 0x0000000093f00000| Complete 

Card table byte_map: [0x00000245aa260000,0x00000245aa660000] _byte_map_base: 0x00000245a9e60000

Marking Bits (Prev, Next): (CMBitMap*) 0x00000245973ae020, (CMBitMap*) 0x00000245973adfe8
 Prev Bits: [0x00000245aca60000, 0x00000245aea60000)
 Next Bits: [0x00000245aaa60000, 0x00000245aca60000)

Polling page: 0x0000024596b40000

Metaspace:

Usage:
  Non-class:    110.91 MB capacity,   108.76 MB ( 98%) used,     1.73 MB (  2%) free+waste,   432.94 KB ( <1%) overhead. 
      Class:     17.02 MB capacity,    15.71 MB ( 92%) used,     1.12 MB (  7%) free+waste,   193.69 KB (  1%) overhead. 
       Both:    127.93 MB capacity,   124.46 MB ( 97%) used,     2.85 MB (  2%) free+waste,   626.63 KB ( <1%) overhead. 

Virtual space:
  Non-class space:      112.00 MB reserved,     111.15 MB (>99%) committed 
      Class space:        1.00 GB reserved,      17.14 MB (  2%) committed 
             Both:        1.11 GB reserved,     128.29 MB ( 11%) committed 

Chunk freelists:
   Non-Class:  54.00 KB
       Class:  0 bytes
        Both:  54.00 KB

MaxMetaspaceSize: 17179869184.00 GB
CompressedClassSpaceSize: 1.00 GB

CodeHeap 'non-profiled nmethods': size=120064Kb used=11363Kb max_used=11833Kb free=108700Kb
 bounds [0x00000245a2920000, 0x00000245a34b0000, 0x00000245a9e60000]
CodeHeap 'profiled nmethods': size=120000Kb used=40841Kb max_used=41631Kb free=79158Kb
 bounds [0x000002459b3f0000, 0x000002459dca0000, 0x00000245a2920000]
CodeHeap 'non-nmethods': size=5696Kb used=2348Kb max_used=2425Kb free=3347Kb
 bounds [0x000002459ae60000, 0x000002459b0d0000, 0x000002459b3f0000]
 total_blobs=18381 nmethods=17414 adapters=877
 compilation: enabled
              stopped_count=0, restarted_count=0
 full_count=0

Compilation events (20 events):
Event: 87.127 Thread 0x00000245b185f800 18340       3       com.google.protobuf.UnknownFieldSet::writeTo (67 bytes)
Event: 87.128 Thread 0x00000245b185f800 nmethod 18340 0x000002459b750490 code [0x000002459b7506e0, 0x000002459b750f48]
Event: 87.128 Thread 0x00000245b185f800 18341       3       com.google.protobuf.CodedOutputStream$ArrayEncoder::writeMessage (12 bytes)
Event: 87.128 Thread 0x00000245b185f800 nmethod 18341 0x000002459b752090 code [0x000002459b7522a0, 0x000002459b7526b8]
Event: 87.128 Thread 0x00000245b185f800 18342       3       com.google.protobuf.CodedOutputStream$ArrayEncoder::writeMessageNoTag (18 bytes)
Event: 87.129 Thread 0x00000245b185f800 nmethod 18342 0x000002459b73bd10 code [0x000002459b73bee0, 0x000002459b73c1a8]
Event: 87.129 Thread 0x00000245b185f800 18343       3       com.google.protobuf.CodedOutputStream$ArrayEncoder::writeInt32 (12 bytes)
Event: 87.129 Thread 0x00000245b185f800 nmethod 18343 0x000002459b755610 code [0x000002459b755800, 0x000002459b755b28]
Event: 87.129 Thread 0x00000245b185f800 18344       3       com.google.protobuf.CodedOutputStream$ArrayEncoder::writeInt32NoTag (19 bytes)
Event: 87.129 Thread 0x00000245b185f800 nmethod 18344 0x000002459b71c810 code [0x000002459b71c9e0, 0x000002459b71cb98]
Event: 87.133 Thread 0x00000245b185f800 18345       3       com.google.common.base.Preconditions::checkArgument (13 bytes)
Event: 87.133 Thread 0x00000245b185f800 nmethod 18345 0x000002459b74e310 code [0x000002459b74e4e0, 0x000002459b74e6a8]
Event: 87.134 Thread 0x00000245b185f800 18347       3       java.lang.StringBuilder::append (8 bytes)
Event: 87.134 Thread 0x00000245b185f800 nmethod 18347 0x000002459b755110 code [0x000002459b7552e0, 0x000002459b755488]
Event: 87.137 Thread 0x00000245b185f800 18348       3       java.io.StringWriter::append (6 bytes)
Event: 87.137 Thread 0x00000245b185f800 nmethod 18348 0x000002459b76bc90 code [0x000002459b76be60, 0x000002459b76c2a8]
Event: 87.138 Thread 0x00000245b185f800 18349       3       com.android.ide.common.attribution.AndroidGradlePluginAttributionData$AttributionDataAdapter$write$5::invoke (12 bytes)
Event: 87.138 Thread 0x00000245b185f800 nmethod 18349 0x000002459b798590 code [0x000002459b7987e0, 0x000002459b798f88]
Event: 87.138 Thread 0x00000245b185f800 18350       3       com.android.ide.common.attribution.AndroidGradlePluginAttributionData$AttributionDataAdapter$write$5::invoke (16 bytes)
Event: 87.139 Thread 0x00000245b185f800 nmethod 18350 0x000002459b7e0c10 code [0x000002459b7e0e40, 0x000002459b7e1488]

GC Heap History (20 events):
Event: 18.119 GC heap before
{Heap before GC invocations=9 (full 0):
 garbage-first heap   total 327680K, used 115972K [0x0000000080000000, 0x0000000100000000)
  region size 1024K, 98 young (100352K), 10 survivors (10240K)
 Metaspace       used 43377K, capacity 44389K, committed 44444K, reserved 1087488K
  class space    used 5513K, capacity 5886K, committed 5888K, reserved 1048576K
}
Event: 18.148 GC heap after
{Heap after GC invocations=10 (full 0):
 garbage-first heap   total 327680K, used 28816K [0x0000000080000000, 0x0000000100000000)
  region size 1024K, 13 young (13312K), 13 survivors (13312K)
 Metaspace       used 43377K, capacity 44389K, committed 44444K, reserved 1087488K
  class space    used 5513K, capacity 5886K, committed 5888K, reserved 1048576K
}
Event: 25.662 GC heap before
{Heap before GC invocations=10 (full 0):
 garbage-first heap   total 327680K, used 198800K [0x0000000080000000, 0x0000000100000000)
  region size 1024K, 175 young (179200K), 13 survivors (13312K)
 Metaspace       used 57328K, capacity 58779K, committed 58908K, reserved 1099776K
  class space    used 7204K, capacity 7702K, committed 7808K, reserved 1048576K
}
Event: 25.706 GC heap after
{Heap after GC invocations=11 (full 0):
 garbage-first heap   total 327680K, used 44702K [0x0000000080000000, 0x0000000100000000)
  region size 1024K, 22 young (22528K), 22 survivors (22528K)
 Metaspace       used 57328K, capacity 58779K, committed 58908K, reserved 1099776K
  class space    used 7204K, capacity 7702K, committed 7808K, reserved 1048576K
}
Event: 26.264 GC heap before
{Heap before GC invocations=11 (full 0):
 garbage-first heap   total 327680K, used 56990K [0x0000000080000000, 0x0000000100000000)
  region size 1024K, 35 young (35840K), 22 survivors (22528K)
 Metaspace       used 59155K, capacity 60599K, committed 60636K, reserved 1101824K
  class space    used 7458K, capacity 7963K, committed 8000K, reserved 1048576K
}
Event: 26.319 GC heap after
{Heap after GC invocations=12 (full 0):
 garbage-first heap   total 327680K, used 46254K [0x0000000080000000, 0x0000000100000000)
  region size 1024K, 14 young (14336K), 14 survivors (14336K)
 Metaspace       used 59155K, capacity 60599K, committed 60636K, reserved 1101824K
  class space    used 7458K, capacity 7963K, committed 8000K, reserved 1048576K
}
Event: 30.556 GC heap before
{Heap before GC invocations=13 (full 0):
 garbage-first heap   total 327680K, used 179374K [0x0000000080000000, 0x0000000100000000)
  region size 1024K, 144 young (147456K), 14 survivors (14336K)
 Metaspace       used 70215K, capacity 71889K, committed 72104K, reserved 1112064K
  class space    used 9044K, capacity 9621K, committed 9740K, reserved 1048576K
}
Event: 30.598 GC heap after
{Heap after GC invocations=14 (full 0):
 garbage-first heap   total 327680K, used 55808K [0x0000000080000000, 0x0000000100000000)
  region size 1024K, 11 young (11264K), 11 survivors (11264K)
 Metaspace       used 70215K, capacity 71889K, committed 72104K, reserved 1112064K
  class space    used 9044K, capacity 9621K, committed 9740K, reserved 1048576K
}
Event: 37.171 GC heap before
{Heap before GC invocations=14 (full 0):
 garbage-first heap   total 327680K, used 198144K [0x0000000080000000, 0x0000000100000000)
  region size 1024K, 150 young (153600K), 11 survivors (11264K)
 Metaspace       used 83091K, capacity 85188K, committed 85416K, reserved 1124352K
  class space    used 10754K, capacity 11516K, committed 11532K, reserved 1048576K
}
Event: 37.226 GC heap after
{Heap after GC invocations=15 (full 0):
 garbage-first heap   total 327680K, used 67555K [0x0000000080000000, 0x0000000100000000)
  region size 1024K, 19 young (19456K), 19 survivors (19456K)
 Metaspace       used 83091K, capacity 85188K, committed 85416K, reserved 1124352K
  class space    used 10754K, capacity 11516K, committed 11532K, reserved 1048576K
}
Event: 43.444 GC heap before
{Heap before GC invocations=15 (full 0):
 garbage-first heap   total 327680K, used 210915K [0x0000000080000000, 0x0000000100000000)
  region size 1024K, 160 young (163840K), 19 survivors (19456K)
 Metaspace       used 90084K, capacity 92491K, committed 92584K, reserved 1130496K
  class space    used 11600K, capacity 12481K, committed 12556K, reserved 1048576K
}
Event: 43.501 GC heap after
{Heap after GC invocations=16 (full 0):
 garbage-first heap   total 327680K, used 78848K [0x0000000080000000, 0x0000000100000000)
  region size 1024K, 20 young (20480K), 20 survivors (20480K)
 Metaspace       used 90084K, capacity 92491K, committed 92584K, reserved 1130496K
  class space    used 11600K, capacity 12481K, committed 12556K, reserved 1048576K
}
Event: 48.727 GC heap before
{Heap before GC invocations=16 (full 0):
 garbage-first heap   total 327680K, used 157696K [0x0000000080000000, 0x0000000100000000)
  region size 1024K, 97 young (99328K), 20 survivors (20480K)
 Metaspace       used 98880K, capacity 101470K, committed 101544K, reserved 1136640K
  class space    used 12587K, capacity 13533K, committed 13580K, reserved 1048576K
}
Event: 48.876 GC heap after
{Heap after GC invocations=17 (full 0):
 garbage-first heap   total 327680K, used 94208K [0x0000000080000000, 0x0000000100000000)
  region size 1024K, 21 young (21504K), 21 survivors (21504K)
 Metaspace       used 98880K, capacity 101470K, committed 101544K, reserved 1136640K
  class space    used 12587K, capacity 13533K, committed 13580K, reserved 1048576K
}
Event: 60.272 GC heap before
{Heap before GC invocations=18 (full 0):
 garbage-first heap   total 327680K, used 217088K [0x0000000080000000, 0x0000000100000000)
  region size 1024K, 138 young (141312K), 21 survivors (21504K)
 Metaspace       used 103788K, capacity 106269K, committed 106408K, reserved 1142784K
  class space    used 13082K, capacity 14005K, committed 14092K, reserved 1048576K
}
Event: 60.320 GC heap after
{Heap after GC invocations=19 (full 0):
 garbage-first heap   total 327680K, used 88064K [0x0000000080000000, 0x0000000100000000)
  region size 1024K, 6 young (6144K), 6 survivors (6144K)
 Metaspace       used 103788K, capacity 106269K, committed 106408K, reserved 1142784K
  class space    used 13082K, capacity 14005K, committed 14092K, reserved 1048576K
}
Event: 68.831 GC heap before
{Heap before GC invocations=20 (full 0):
 garbage-first heap   total 327680K, used 215040K [0x0000000080000000, 0x0000000100000000)
  region size 1024K, 131 young (134144K), 6 survivors (6144K)
 Metaspace       used 116464K, capacity 119833K, committed 119976K, reserved 1153024K
  class space    used 14866K, capacity 16139K, committed 16140K, reserved 1048576K
}
Event: 68.879 GC heap after
{Heap after GC invocations=21 (full 0):
 garbage-first heap   total 327680K, used 99840K [0x0000000080000000, 0x0000000100000000)
  region size 1024K, 17 young (17408K), 17 survivors (17408K)
 Metaspace       used 116464K, capacity 119833K, committed 119976K, reserved 1153024K
  class space    used 14866K, capacity 16139K, committed 16140K, reserved 1048576K
}
Event: 84.436 GC heap before
{Heap before GC invocations=21 (full 0):
 garbage-first heap   total 327680K, used 252416K [0x0000000080000000, 0x0000000100000000)
  region size 1024K, 141 young (144384K), 17 survivors (17408K)
 Metaspace       used 126771K, capacity 130292K, committed 130472K, reserved 1163264K
  class space    used 16073K, capacity 17409K, committed 17420K, reserved 1048576K
}
Event: 84.470 GC heap after
{Heap after GC invocations=22 (full 0):
 garbage-first heap   total 327680K, used 95542K [0x0000000080000000, 0x0000000100000000)
  region size 1024K, 7 young (7168K), 7 survivors (7168K)
 Metaspace       used 126771K, capacity 130292K, committed 130472K, reserved 1163264K
  class space    used 16073K, capacity 17409K, committed 17420K, reserved 1048576K
}

Deoptimization events (20 events):
Event: 86.937 Thread 0x00000245b8b9e000 Uncommon trap: trap_request=0xffffffbe fr.pc=0x00000245a34284e0 relative=0x0000000000000ba0
Event: 86.937 Thread 0x00000245b8b9e000 Uncommon trap: reason=profile_predicate action=maybe_recompile pc=0x00000245a34284e0 method=java.math.MutableBigInteger.add(Ljava/math/MutableBigInteger;)V @ 68 c2
Event: 86.937 Thread 0x00000245b8b9e000 DEOPT PACKING pc=0x00000245a34284e0 sp=0x000000d8478fce60
Event: 86.937 Thread 0x00000245b8b9e000 DEOPT UNPACKING pc=0x000002459ae8662f sp=0x000000d8478fce00 mode 2
Event: 86.937 Thread 0x00000245b8b9e000 Uncommon trap: trap_request=0xffffffbe fr.pc=0x00000245a34284e0 relative=0x0000000000000ba0
Event: 86.937 Thread 0x00000245b8b9e000 Uncommon trap: reason=profile_predicate action=maybe_recompile pc=0x00000245a34284e0 method=java.math.MutableBigInteger.add(Ljava/math/MutableBigInteger;)V @ 68 c2
Event: 86.937 Thread 0x00000245b8b9e000 DEOPT PACKING pc=0x00000245a34284e0 sp=0x000000d8478fce60
Event: 86.937 Thread 0x00000245b8b9e000 DEOPT UNPACKING pc=0x000002459ae8662f sp=0x000000d8478fce00 mode 2
Event: 86.937 Thread 0x00000245b8b9e000 Uncommon trap: trap_request=0xffffffbe fr.pc=0x00000245a34284e0 relative=0x0000000000000ba0
Event: 86.937 Thread 0x00000245b8b9e000 Uncommon trap: reason=profile_predicate action=maybe_recompile pc=0x00000245a34284e0 method=java.math.MutableBigInteger.add(Ljava/math/MutableBigInteger;)V @ 68 c2
Event: 86.937 Thread 0x00000245b8b9e000 DEOPT PACKING pc=0x00000245a34284e0 sp=0x000000d8478fce60
Event: 86.937 Thread 0x00000245b8b9e000 DEOPT UNPACKING pc=0x000002459ae8662f sp=0x000000d8478fce00 mode 2
Event: 86.938 Thread 0x00000245b8b9e000 Uncommon trap: trap_request=0xffffffbe fr.pc=0x00000245a34284e0 relative=0x0000000000000ba0
Event: 86.938 Thread 0x00000245b8b9e000 Uncommon trap: reason=profile_predicate action=maybe_recompile pc=0x00000245a34284e0 method=java.math.MutableBigInteger.add(Ljava/math/MutableBigInteger;)V @ 68 c2
Event: 86.938 Thread 0x00000245b8b9e000 DEOPT PACKING pc=0x00000245a34284e0 sp=0x000000d8478fce60
Event: 86.938 Thread 0x00000245b8b9e000 DEOPT UNPACKING pc=0x000002459ae8662f sp=0x000000d8478fce00 mode 2
Event: 87.143 Thread 0x00000245b2a10800 Uncommon trap: trap_request=0xffffffde fr.pc=0x00000245a31b0888 relative=0x00000000000000c8
Event: 87.143 Thread 0x00000245b2a10800 Uncommon trap: reason=class_check action=maybe_recompile pc=0x00000245a31b0888 method=org.gradle.internal.operations.logging.LoggingBuildOperationProgressBroadcaster.onOutput(Lorg/gradle/internal/logging/events/OutputEvent;)V @ 8 c2
Event: 87.143 Thread 0x00000245b2a10800 DEOPT PACKING pc=0x00000245a31b0888 sp=0x000000d842efc630
Event: 87.143 Thread 0x00000245b2a10800 DEOPT UNPACKING pc=0x000002459ae8662f sp=0x000000d842efc5b0 mode 2

Classes redefined (0 events):
No events

Internal exceptions (20 events):
Event: 79.407 Thread 0x00000245b2a10800 Exception <a 'java/lang/NoSuchMethodError'{0x000000008e1edfc0}: 'java.lang.Object java.lang.invoke.DirectMethodHandle$Holder.invokeSpecial(java.lang.Object, java.lang.Object, java.lang.Object, java.lang.Object, int, java.lang.Object, java.lang.Object)'> (0x000000008e1edfc0) thrown at [./src/hotspot/share/interpreter/linkResolver.cpp, line 773]
Event: 80.391 Thread 0x00000245b2a10800 Implicit null exception at 0x00000245a3190f67 to 0x00000245a319131c
Event: 83.294 Thread 0x00000245b2a10800 Implicit null exception at 0x00000245a31932c9 to 0x00000245a31935cc
Event: 83.294 Thread 0x00000245b2a10800 Implicit null exception at 0x00000245a2ee3c5f to 0x00000245a2ee4748
Event: 84.686 Thread 0x00000245b2a10800 Exception <a 'sun/nio/fs/WindowsException'{0x0000000093798398}> (0x0000000093798398) thrown at [./src/hotspot/share/prims/jni.cpp, line 615]
Event: 84.929 Thread 0x00000245b2a10800 Exception <a 'java/lang/NoClassDefFoundError'{0x00000000934ceb80}: org/jetbrains/kotlin/gradle/plugin/KotlinBasePluginWrapper> (0x00000000934ceb80) thrown at [./src/hotspot/share/oops/constantPool.cpp, line 775]
Event: 85.082 Thread 0x00000245b2a10800 Exception <a 'sun/nio/fs/WindowsException'{0x000000009316bfc0}> (0x000000009316bfc0) thrown at [./src/hotspot/share/prims/jni.cpp, line 615]
Event: 85.102 Thread 0x00000245b2a10800 Exception <a 'sun/nio/fs/WindowsException'{0x00000000930088c0}> (0x00000000930088c0) thrown at [./src/hotspot/share/prims/jni.cpp, line 615]
Event: 85.102 Thread 0x00000245b2a10800 Exception <a 'sun/nio/fs/WindowsException'{0x0000000093009c38}> (0x0000000093009c38) thrown at [./src/hotspot/share/prims/jni.cpp, line 615]
Event: 85.102 Thread 0x00000245b2a10800 Exception <a 'sun/nio/fs/WindowsException'{0x000000009300b000}> (0x000000009300b000) thrown at [./src/hotspot/share/prims/jni.cpp, line 615]
Event: 85.102 Thread 0x00000245b2a10800 Exception <a 'sun/nio/fs/WindowsException'{0x000000009300c3c8}> (0x000000009300c3c8) thrown at [./src/hotspot/share/prims/jni.cpp, line 615]
Event: 85.191 Thread 0x00000245b2a10800 Exception <a 'sun/nio/fs/WindowsException'{0x0000000092ea7bc8}> (0x0000000092ea7bc8) thrown at [./src/hotspot/share/prims/jni.cpp, line 615]
Event: 86.243 Thread 0x00000245b2a10800 Exception <a 'sun/nio/fs/WindowsException'{0x0000000091461350}> (0x0000000091461350) thrown at [./src/hotspot/share/prims/jni.cpp, line 615]
Event: 86.243 Thread 0x00000245b2a10800 Exception <a 'sun/nio/fs/WindowsException'{0x0000000091462c80}> (0x0000000091462c80) thrown at [./src/hotspot/share/prims/jni.cpp, line 615]
Event: 86.309 Thread 0x00000245b8b9e000 Exception <a 'sun/nio/fs/WindowsException'{0x0000000091378290}> (0x0000000091378290) thrown at [./src/hotspot/share/prims/jni.cpp, line 615]
Event: 86.309 Thread 0x00000245b8b9e000 Exception <a 'sun/nio/fs/WindowsException'{0x0000000091378398}> (0x0000000091378398) thrown at [./src/hotspot/share/prims/jni.cpp, line 615]
Event: 87.118 Thread 0x00000245b8ba3000 Exception <a 'sun/nio/fs/WindowsException'{0x0000000090f8a818}> (0x0000000090f8a818) thrown at [./src/hotspot/share/prims/jni.cpp, line 615]
Event: 87.123 Thread 0x00000245b2a10800 Exception <a 'sun/nio/fs/WindowsException'{0x00000000910bc148}> (0x00000000910bc148) thrown at [./src/hotspot/share/prims/jni.cpp, line 615]
Event: 87.125 Thread 0x00000245b2a10800 Exception <a 'sun/nio/fs/WindowsException'{0x00000000910bc2c0}> (0x00000000910bc2c0) thrown at [./src/hotspot/share/prims/jni.cpp, line 615]
Event: 87.125 Thread 0x00000245b2a10800 Exception <a 'sun/nio/fs/WindowsException'{0x00000000910bdc40}> (0x00000000910bdc40) thrown at [./src/hotspot/share/prims/jni.cpp, line 615]

Events (20 events):
Event: 87.112 Thread 0x00000245b27c2000 Thread exited: 0x00000245b27c2000
Event: 87.112 Thread 0x00000245b8ba1000 Thread exited: 0x00000245b8ba1000
Event: 87.112 Executing VM operation: RevokeBias
Event: 87.113 Executing VM operation: RevokeBias done
Event: 87.113 Thread 0x00000245b586d000 Thread exited: 0x00000245b586d000
Event: 87.113 Executing VM operation: RevokeBias
Event: 87.113 Executing VM operation: RevokeBias done
Event: 87.113 Thread 0x00000245b27c1800 Thread exited: 0x00000245b27c1800
Event: 87.113 Executing VM operation: RevokeBias
Event: 87.113 Executing VM operation: RevokeBias done
Event: 87.114 Thread 0x00000245b8ba3000 Thread added: 0x00000245b8ba3000
Event: 87.123 Executing VM operation: RevokeBias
Event: 87.124 Executing VM operation: RevokeBias done
Event: 87.124 Executing VM operation: RevokeBias
Event: 87.125 Executing VM operation: RevokeBias done
Event: 87.125 Executing VM operation: RevokeBias
Event: 87.125 Executing VM operation: RevokeBias done
Event: 87.130 Executing VM operation: RevokeBias
Event: 87.130 Executing VM operation: RevokeBias done
Event: 87.130 Thread 0x00000245b8ba3000 Thread exited: 0x00000245b8ba3000


Dynamic libraries:
0x00007ff692090000 - 0x00007ff69209a000 	C:\Program Files\Android\Android Studio\jre\bin\java.exe
0x00007ffe88080000 - 0x00007ffe88289000 	C:\WINDOWS\SYSTEM32\ntdll.dll
0x00007ffe87b10000 - 0x00007ffe87bcd000 	C:\WINDOWS\System32\KERNEL32.DLL
0x00007ffe85af0000 - 0x00007ffe85e64000 	C:\WINDOWS\System32\KERNELBASE.dll
0x00007ffe82820000 - 0x00007ffe828b1000 	C:\WINDOWS\SYSTEM32\apphelp.dll
0x00007ffe858c0000 - 0x00007ffe859d1000 	C:\WINDOWS\System32\ucrtbase.dll
0x00007ffe7a7f0000 - 0x00007ffe7a809000 	C:\Program Files\Android\Android Studio\jre\bin\jli.dll
0x00007ffe86b80000 - 0x00007ffe86d2c000 	C:\WINDOWS\System32\USER32.dll
0x00007ffe85e70000 - 0x00007ffe85e96000 	C:\WINDOWS\System32\win32u.dll
0x00007ffe86960000 - 0x00007ffe86989000 	C:\WINDOWS\System32\GDI32.dll
0x00007ffe857a0000 - 0x00007ffe858b2000 	C:\WINDOWS\System32\gdi32full.dll
0x00007ffe85a50000 - 0x00007ffe85aed000 	C:\WINDOWS\System32\msvcp_win.dll
0x00007ffe72c20000 - 0x00007ffe72c37000 	C:\Program Files\Android\Android Studio\jre\bin\VCRUNTIME140.dll
0x00007ffe76700000 - 0x00007ffe769a5000 	C:\WINDOWS\WinSxS\amd64_microsoft.windows.common-controls_6595b64144ccf1df_6.0.22000.120_none_9d947278b86cc467\COMCTL32.dll
0x00007ffe86d30000 - 0x00007ffe86dd3000 	C:\WINDOWS\System32\msvcrt.dll
0x00007ffe870a0000 - 0x00007ffe870d1000 	C:\WINDOWS\System32\IMM32.DLL
0x00007ffe5def0000 - 0x00007ffe5df8d000 	C:\Program Files\Android\Android Studio\jre\bin\msvcp140.dll
0x00007ffdf6e10000 - 0x00007ffdf78e5000 	C:\Program Files\Android\Android Studio\jre\bin\server\jvm.dll
0x00007ffe87450000 - 0x00007ffe874fe000 	C:\WINDOWS\System32\ADVAPI32.dll
0x00007ffe86f20000 - 0x00007ffe86fbe000 	C:\WINDOWS\System32\sechost.dll
0x00007ffe86820000 - 0x00007ffe86940000 	C:\WINDOWS\System32\RPCRT4.dll
0x00007ffe86f10000 - 0x00007ffe86f18000 	C:\WINDOWS\System32\PSAPI.DLL
0x00007ffe7ed00000 - 0x00007ffe7ed09000 	C:\WINDOWS\SYSTEM32\WSOCK32.dll
0x00007ffe86e90000 - 0x00007ffe86eff000 	C:\WINDOWS\System32\WS2_32.dll
0x00007ffe80370000 - 0x00007ffe803a3000 	C:\WINDOWS\SYSTEM32\WINMM.dll
0x00007ffe832b0000 - 0x00007ffe832ba000 	C:\WINDOWS\SYSTEM32\VERSION.dll
0x00007ffe84720000 - 0x00007ffe84738000 	C:\WINDOWS\SYSTEM32\kernel.appcore.dll
0x00007ffe7ece0000 - 0x00007ffe7ecf1000 	C:\Program Files\Android\Android Studio\jre\bin\verify.dll
0x00007ffe7e670000 - 0x00007ffe7e891000 	C:\WINDOWS\SYSTEM32\DBGHELP.DLL
0x00007ffe7e610000 - 0x00007ffe7e641000 	C:\WINDOWS\SYSTEM32\dbgcore.DLL
0x00007ffe85ea0000 - 0x00007ffe85f1f000 	C:\WINDOWS\System32\bcryptPrimitives.dll
0x00007ffe64250000 - 0x00007ffe64279000 	C:\Program Files\Android\Android Studio\jre\bin\java.dll
0x00007ffe7c120000 - 0x00007ffe7c12b000 	C:\Program Files\Android\Android Studio\jre\bin\jimage.dll
0x00007ffe64150000 - 0x00007ffe64168000 	C:\Program Files\Android\Android Studio\jre\bin\zip.dll
0x00007ffe85f20000 - 0x00007ffe866ce000 	C:\WINDOWS\System32\SHELL32.dll
0x00007ffe83680000 - 0x00007ffe83ee8000 	C:\WINDOWS\SYSTEM32\windows.storage.dll
0x00007ffe87bd0000 - 0x00007ffe87f48000 	C:\WINDOWS\System32\combase.dll
0x00007ffe83510000 - 0x00007ffe83676000 	C:\WINDOWS\SYSTEM32\wintypes.dll
0x00007ffe866d0000 - 0x00007ffe867ba000 	C:\WINDOWS\System32\SHCORE.dll
0x00007ffe873e0000 - 0x00007ffe8743d000 	C:\WINDOWS\System32\shlwapi.dll
0x00007ffe854a0000 - 0x00007ffe854c1000 	C:\WINDOWS\SYSTEM32\profapi.dll
0x00007ffe63ef0000 - 0x00007ffe63f0a000 	C:\Program Files\Android\Android Studio\jre\bin\net.dll
0x00007ffe80160000 - 0x00007ffe8026c000 	C:\WINDOWS\SYSTEM32\WINHTTP.dll
0x00007ffe84b50000 - 0x00007ffe84bb7000 	C:\WINDOWS\system32\mswsock.dll
0x00007ffe5f490000 - 0x00007ffe5f4a4000 	C:\Program Files\Android\Android Studio\jre\bin\nio.dll
0x00007ffe7ecb0000 - 0x00007ffe7ecd7000 	C:\Users\kurur\.gradle\native\e1d6ef7f7dcc3fd88c89a11ec53ec762bb8ba0a96d01ffa2cd45eb1d1d8dd5c5\windows-amd64\native-platform.dll
0x00007ffe3ad70000 - 0x00007ffe3aeb4000 	C:\Users\kurur\.gradle\native\5664cfc778a61ccfe75a443a1ab52a65af34e5dc3c78e0209fed803814484fcb\windows-amd64\native-platform-file-events.dll
0x00007ffe72620000 - 0x00007ffe7262a000 	C:\Program Files\Android\Android Studio\jre\bin\management.dll
0x00007ffe6eac0000 - 0x00007ffe6eacd000 	C:\Program Files\Android\Android Studio\jre\bin\management_ext.dll
0x00007ffe84db0000 - 0x00007ffe84dc8000 	C:\WINDOWS\SYSTEM32\CRYPTSP.dll
0x00007ffe84680000 - 0x00007ffe846b5000 	C:\WINDOWS\system32\rsaenh.dll
0x00007ffe84c30000 - 0x00007ffe84c59000 	C:\WINDOWS\SYSTEM32\USERENV.dll
0x00007ffe84f50000 - 0x00007ffe84f77000 	C:\WINDOWS\SYSTEM32\bcrypt.dll
0x00007ffe84dd0000 - 0x00007ffe84ddc000 	C:\WINDOWS\SYSTEM32\CRYPTBASE.dll
0x00007ffe84220000 - 0x00007ffe8424d000 	C:\WINDOWS\SYSTEM32\IPHLPAPI.DLL
0x00007ffe86f00000 - 0x00007ffe86f09000 	C:\WINDOWS\System32\NSI.dll
0x00007ffe805f0000 - 0x00007ffe80609000 	C:\WINDOWS\SYSTEM32\dhcpcsvc6.DLL
0x00007ffe80a30000 - 0x00007ffe80a4e000 	C:\WINDOWS\SYSTEM32\dhcpcsvc.DLL
0x00007ffe84250000 - 0x00007ffe84337000 	C:\WINDOWS\SYSTEM32\DNSAPI.dll
0x0000000066e00000 - 0x0000000066f03000 	C:\Users\kurur\AppData\Local\Temp\sqlite-3.25.2-30cb8305-9fc4-47a3-b8d8-33ac18b1f6bd-sqlitejdbc.dll

dbghelp: loaded successfully - version: 4.0.5 - missing functions: none
symbol engine: initialized successfully - sym options: 0x614 - pdb path: .;C:\Program Files\Android\Android Studio\jre\bin;C:\WINDOWS\SYSTEM32;C:\WINDOWS\WinSxS\amd64_microsoft.windows.common-controls_6595b64144ccf1df_6.0.22000.120_none_9d947278b86cc467;C:\Program Files\Android\Android Studio\jre\bin\server;C:\Users\kurur\.gradle\native\e1d6ef7f7dcc3fd88c89a11ec53ec762bb8ba0a96d01ffa2cd45eb1d1d8dd5c5\windows-amd64;C:\Users\kurur\.gradle\native\5664cfc778a61ccfe75a443a1ab52a65af34e5dc3c78e0209fed803814484fcb\windows-amd64;C:\Users\kurur\AppData\Local\Temp

VM Arguments:
jvm_args: --add-opens=java.base/java.util=ALL-UNNAMED --add-opens=java.base/java.lang=ALL-UNNAMED --add-opens=java.base/java.lang.invoke=ALL-UNNAMED --add-opens=java.base/java.util=ALL-UNNAMED --add-opens=java.prefs/java.util.prefs=ALL-UNNAMED --add-opens=java.prefs/java.util.prefs=ALL-UNNAMED --add-opens=java.base/java.nio.charset=ALL-UNNAMED --add-opens=java.base/java.net=ALL-UNNAMED --add-opens=java.base/java.util.concurrent.atomic=ALL-UNNAMED -Xmx2048m -Dfile.encoding=UTF-8 -Duser.country=ES -Duser.language=es -Duser.variant 
java_command: org.gradle.launcher.daemon.bootstrap.GradleDaemon 7.2
java_class_path (initial): C:\Users\kurur\.gradle\wrapper\dists\gradle-7.2-all\260hg96vuh6ex27h9vo47iv4d\gradle-7.2\lib\gradle-launcher-7.2.jar
Launcher Type: SUN_STANDARD

[Global flags]
     intx CICompilerCount                          = 3                                         {product} {ergonomic}
     uint ConcGCThreads                            = 1                                         {product} {ergonomic}
     uint G1ConcRefinementThreads                  = 4                                         {product} {ergonomic}
   size_t G1HeapRegionSize                         = 1048576                                   {product} {ergonomic}
    uintx GCDrainStackTargetSize                   = 64                                        {product} {ergonomic}
   size_t InitialHeapSize                          = 335544320                                 {product} {ergonomic}
   size_t MarkStackSize                            = 4194304                                   {product} {ergonomic}
   size_t MaxHeapSize                              = 2147483648                                {product} {command line}
   size_t MaxNewSize                               = 1287651328                                {product} {ergonomic}
   size_t MinHeapDeltaBytes                        = 1048576                                   {product} {ergonomic}
    uintx NonNMethodCodeHeapSize                   = 5830732                                {pd product} {ergonomic}
    uintx NonProfiledCodeHeapSize                  = 122913754                              {pd product} {ergonomic}
    uintx ProfiledCodeHeapSize                     = 122913754                              {pd product} {ergonomic}
    uintx ReservedCodeCacheSize                    = 251658240                              {pd product} {ergonomic}
     bool SegmentedCodeCache                       = true                                      {product} {ergonomic}
     bool UseCompressedClassPointers               = true                                 {lp64_product} {ergonomic}
     bool UseCompressedOops                        = true                                 {lp64_product} {ergonomic}
     bool UseG1GC                                  = true                                      {product} {ergonomic}
     bool UseLargePagesIndividualAllocation        = false                                  {pd product} {ergonomic}

Logging:
Log output configuration:
 #0: stdout all=warning uptime,level,tags
 #1: stderr all=off uptime,level,tags

Environment Variables:
JAVA_HOME=C:\Program Files\Java\jdk-11.0.9
PATH=C:\Program Files (x86)\Google\Chrome\Application;C:\Program Files (x86)\Common Files\Oracle\Java\javapath;C:\Program Files\AdoptOpenJDK\jdk-11.0.9.11-hotspot\bin;C:\oraclexe\app\oracle\product\11.2.0\server\bin;C:\WINDOWS\system32;C:\WINDOWS;C:\WINDOWS\System32\Wbem;C:\WINDOWS\System32\WindowsPowerShell\v1.0\;C:\WINDOWS\System32\OpenSSH\;C:\Program Files (x86)\BaseX\bin;C:\Program Files\Git\cmd;C:\Program Files (x86)\NVIDIA Corporation\PhysX\Common;C:\Program Files\NVIDIA Corporation\NVIDIA NvDLISR;C:\Users\kurur\AppData\Local\Programs\Python\Python310\Scripts\;C:\Users\kurur\AppData\Local\Programs\Python\Python310\;C:\Users\kurur\AppData\Local\Microsoft\WindowsApps;;C:\Users\kurur\AppData\Local\Programs\Microsoft VS Code\bin;C:\Program Files\Microsoft VS Code\bin
USERNAME=kurur
OS=Windows_NT
PROCESSOR_IDENTIFIER=Intel64 Family 6 Model 78 Stepping 3, GenuineIntel



---------------  S Y S T E M  ---------------

OS: Windows 10 , 64 bit Build 22000 (10.0.22000.434)
OS uptime: 3 days 1:14 hours
Hyper-V role detected

CPU:total 4 (initial active 4) (2 cores per cpu, 2 threads per core) family 6 model 78 stepping 3 microcode 0xd6, cmov, cx8, fxsr, mmx, sse, sse2, sse3, ssse3, sse4.1, sse4.2, popcnt, avx, avx2, aes, clmul, erms, 3dnowpref, lzcnt, ht, tsc, tscinvbit, bmi1, bmi2, adx, fma

Memory: 4k page, system-wide physical 20394M (2650M free)
TotalPageFile size 20394M (AvailPageFile size 4M)
current process WorkingSet (physical memory assigned to process): 637M, peak: 661M
current process commit charge ("private bytes"): 684M, peak: 708M

vm_info: OpenJDK 64-Bit Server VM (11.0.11+9-b60-7590822) for windows-amd64 JRE (11.0.11+9-b60-7590822), built on Jul 29 2021 21:43:44 by "builder" with MS VC++ 14.0 (VS2015)

END.
